age               0
job               0
marital           0
education         0
default           0
housing           0
loan              0
contact           0
month             0
day_of_week       0
duration          0
campaign          0
pdays             0
previous          0
poutcome          0
emp.var.rate      0
cons.price.idx    0
cons.conf.idx     0
euribor3m         0
nr.employed       0
y                 0
dtype: int64
Fitting 10 folds for each of 27 candidates, totalling 270 fits
[CV] C=0.1, gamma=1, kernel=linear ...................................
[CV]  C=0.1, gamma=1, kernel=linear, score=0.8980335032774945, total= 3.0min
[Parallel(n_jobs=1)]: Done   1 out of   1 | elapsed:  3.1min remaining:    0.0s
[CV] C=0.1, gamma=1, kernel=linear ...................................
[CV]  C=0.1, gamma=1, kernel=linear, score=0.8990046127700898, total= 3.0min
[Parallel(n_jobs=1)]: Done   2 out of   2 | elapsed:  6.1min remaining:    0.0s
[CV] C=0.1, gamma=1, kernel=linear ...................................
[CV]  C=0.1, gamma=1, kernel=linear, score=0.8941490653071134, total= 2.9min
[Parallel(n_jobs=1)]: Done   3 out of   3 | elapsed:  9.1min remaining:    0.0s
[CV] C=0.1, gamma=1, kernel=linear ...................................
[CV]  C=0.1, gamma=1, kernel=linear, score=0.9053168244719592, total= 3.3min
[Parallel(n_jobs=1)]: Done   4 out of   4 | elapsed: 12.5min remaining:    0.0s
[CV] C=0.1, gamma=1, kernel=linear ...................................
[CV]  C=0.1, gamma=1, kernel=linear, score=0.894634620053411, total= 3.3min
[Parallel(n_jobs=1)]: Done   5 out of   5 | elapsed: 15.8min remaining:    0.0s
[CV] C=0.1, gamma=1, kernel=linear ...................................
[CV]  C=0.1, gamma=1, kernel=linear, score=0.8691429958727847, total= 3.1min
[Parallel(n_jobs=1)]: Done   6 out of   6 | elapsed: 18.9min remaining:    0.0s
[CV] C=0.1, gamma=1, kernel=linear ...................................
[CV]  C=0.1, gamma=1, kernel=linear, score=0.8715707696042729, total= 3.3min
[Parallel(n_jobs=1)]: Done   7 out of   7 | elapsed: 22.3min remaining:    0.0s
[CV] C=0.1, gamma=1, kernel=linear ...................................
[CV]  C=0.1, gamma=1, kernel=linear, score=0.3253216800194222, total= 3.8min
[Parallel(n_jobs=1)]: Done   8 out of   8 | elapsed: 26.1min remaining:    0.0s
[CV] C=0.1, gamma=1, kernel=linear ...................................
[CV]  C=0.1, gamma=1, kernel=linear, score=0.9171928120446818, total= 3.1min
[Parallel(n_jobs=1)]: Done   9 out of   9 | elapsed: 29.3min remaining:    0.0s
[CV] C=0.1, gamma=1, kernel=linear ...................................
[CV]  C=0.1, gamma=1, kernel=linear, score=0.4968431277319087, total= 2.1min
[CV] C=0.1, gamma=1, kernel=rbf ......................................
[CV]  C=0.1, gamma=1, kernel=rbf, score=0.8873512988589464, total= 9.6min
[CV] C=0.1, gamma=1, kernel=rbf ......................................
[CV]  C=0.1, gamma=1, kernel=rbf, score=0.8873512988589464, total= 9.5min
[CV] C=0.1, gamma=1, kernel=rbf ......................................
[CV]  C=0.1, gamma=1, kernel=rbf, score=0.8873512988589464, total= 9.5min
[CV] C=0.1, gamma=1, kernel=rbf ......................................
[CV]  C=0.1, gamma=1, kernel=rbf, score=0.8873512988589464, total=11.2min
[CV] C=0.1, gamma=1, kernel=rbf ......................................
[CV]  C=0.1, gamma=1, kernel=rbf, score=0.8873512988589464, total= 9.5min
[CV] C=0.1, gamma=1, kernel=rbf ......................................
[CV]  C=0.1, gamma=1, kernel=rbf, score=0.8873512988589464, total= 9.6min
[CV] C=0.1, gamma=1, kernel=rbf ......................................
[CV]  C=0.1, gamma=1, kernel=rbf, score=0.8873512988589464, total= 9.5min
[CV] C=0.1, gamma=1, kernel=rbf ......................................
[CV]  C=0.1, gamma=1, kernel=rbf, score=0.8873512988589464, total= 9.5min
[CV] C=0.1, gamma=1, kernel=rbf ......................................
[CV]  C=0.1, gamma=1, kernel=rbf, score=0.8873239436619719, total= 9.5min
[CV] C=0.1, gamma=1, kernel=rbf ......................................
[CV]  C=0.1, gamma=1, kernel=rbf, score=0.8873239436619719, total= 9.7min
[CV] C=0.1, gamma=1, kernel=sigmoid ..................................
[CV]  C=0.1, gamma=1, kernel=sigmoid, score=0.8873512988589464, total=  51.7s
[CV] C=0.1, gamma=1, kernel=sigmoid ..................................
[CV]  C=0.1, gamma=1, kernel=sigmoid, score=0.8873512988589464, total=  56.2s
[CV] C=0.1, gamma=1, kernel=sigmoid ..................................
[CV]  C=0.1, gamma=1, kernel=sigmoid, score=0.8873512988589464, total=  56.5s
[CV] C=0.1, gamma=1, kernel=sigmoid ..................................
[CV]  C=0.1, gamma=1, kernel=sigmoid, score=0.8873512988589464, total=  46.6s
[CV] C=0.1, gamma=1, kernel=sigmoid ..................................
[CV]  C=0.1, gamma=1, kernel=sigmoid, score=0.8873512988589464, total=  46.2s
[CV] C=0.1, gamma=1, kernel=sigmoid ..................................
[CV]  C=0.1, gamma=1, kernel=sigmoid, score=0.8873512988589464, total=  46.4s
[CV] C=0.1, gamma=1, kernel=sigmoid ..................................
[CV]  C=0.1, gamma=1, kernel=sigmoid, score=0.8873512988589464, total=  46.1s
[CV] C=0.1, gamma=1, kernel=sigmoid ..................................
[CV]  C=0.1, gamma=1, kernel=sigmoid, score=0.8873512988589464, total=  46.4s
[CV] C=0.1, gamma=1, kernel=sigmoid ..................................
[CV]  C=0.1, gamma=1, kernel=sigmoid, score=0.8873239436619719, total=  46.0s
[CV] C=0.1, gamma=1, kernel=sigmoid ..................................
[CV]  C=0.1, gamma=1, kernel=sigmoid, score=0.8873239436619719, total=  45.6s
[CV] C=0.1, gamma=10, kernel=linear ..................................
[CV]  C=0.1, gamma=10, kernel=linear, score=0.8980335032774945, total= 2.8min
[CV] C=0.1, gamma=10, kernel=linear ..................................
[CV]  C=0.1, gamma=10, kernel=linear, score=0.8990046127700898, total= 2.7min
[CV] C=0.1, gamma=10, kernel=linear ..................................
[CV]  C=0.1, gamma=10, kernel=linear, score=0.8941490653071134, total= 8.7min
[CV] C=0.1, gamma=10, kernel=linear ..................................
[CV]  C=0.1, gamma=10, kernel=linear, score=0.9053168244719592, total=10.9min
[CV] C=0.1, gamma=10, kernel=linear ..................................
[CV]  C=0.1, gamma=10, kernel=linear, score=0.894634620053411, total= 5.1min
[CV] C=0.1, gamma=10, kernel=linear ..................................
[CV]  C=0.1, gamma=10, kernel=linear, score=0.8691429958727847, total= 5.3min
[CV] C=0.1, gamma=10, kernel=linear ..................................
[CV]  C=0.1, gamma=10, kernel=linear, score=0.8715707696042729, total= 5.1min
[CV] C=0.1, gamma=10, kernel=linear ..................................
[CV]  C=0.1, gamma=10, kernel=linear, score=0.3253216800194222, total= 6.3min
[CV] C=0.1, gamma=10, kernel=linear ..................................
[CV]  C=0.1, gamma=10, kernel=linear, score=0.9171928120446818, total= 6.6min
[CV] C=0.1, gamma=10, kernel=linear ..................................
[CV]  C=0.1, gamma=10, kernel=linear, score=0.4968431277319087, total= 3.7min
[CV] C=0.1, gamma=10, kernel=rbf .....................................
[CV]  C=0.1, gamma=10, kernel=rbf, score=0.8873512988589464, total=29.7min
[CV] C=0.1, gamma=10, kernel=rbf .....................................
[CV]  C=0.1, gamma=10, kernel=rbf, score=0.8873512988589464, total=30.0min
[CV] C=0.1, gamma=10, kernel=rbf .....................................
[CV]  C=0.1, gamma=10, kernel=rbf, score=0.8873512988589464, total=29.7min
[CV] C=0.1, gamma=10, kernel=rbf .....................................
[CV]  C=0.1, gamma=10, kernel=rbf, score=0.8873512988589464, total=29.5min
[CV] C=0.1, gamma=10, kernel=rbf .....................................
[CV]  C=0.1, gamma=10, kernel=rbf, score=0.8873512988589464, total=26.4min
[CV] C=0.1, gamma=10, kernel=rbf .....................................
[CV]  C=0.1, gamma=10, kernel=rbf, score=0.8873512988589464, total=18.2min
[CV] C=0.1, gamma=10, kernel=rbf .....................................
[CV]  C=0.1, gamma=10, kernel=rbf, score=0.8873512988589464, total= 9.7min
[CV] C=0.1, gamma=10, kernel=rbf .....................................
[CV]  C=0.1, gamma=10, kernel=rbf, score=0.8873512988589464, total= 9.9min
[CV] C=0.1, gamma=10, kernel=rbf .....................................
[CV]  C=0.1, gamma=10, kernel=rbf, score=0.8873239436619719, total= 8.7min
[CV] C=0.1, gamma=10, kernel=rbf .....................................
[CV]  C=0.1, gamma=10, kernel=rbf, score=0.8873239436619719, total= 9.0min
[CV] C=0.1, gamma=10, kernel=sigmoid .................................
[CV]  C=0.1, gamma=10, kernel=sigmoid, score=0.8873512988589464, total=  46.1s
[CV] C=0.1, gamma=10, kernel=sigmoid .................................
[CV]  C=0.1, gamma=10, kernel=sigmoid, score=0.8873512988589464, total=  46.0s
[CV] C=0.1, gamma=10, kernel=sigmoid .................................
[CV]  C=0.1, gamma=10, kernel=sigmoid, score=0.8873512988589464, total=  45.9s
[CV] C=0.1, gamma=10, kernel=sigmoid .................................
[CV]  C=0.1, gamma=10, kernel=sigmoid, score=0.8873512988589464, total=  45.9s
[CV] C=0.1, gamma=10, kernel=sigmoid .................................
[CV]  C=0.1, gamma=10, kernel=sigmoid, score=0.8873512988589464, total=  45.8s
[CV] C=0.1, gamma=10, kernel=sigmoid .................................
[CV]  C=0.1, gamma=10, kernel=sigmoid, score=0.8873512988589464, total=  45.7s
[CV] C=0.1, gamma=10, kernel=sigmoid .................................
[CV]  C=0.1, gamma=10, kernel=sigmoid, score=0.8873512988589464, total=  45.9s
[CV] C=0.1, gamma=10, kernel=sigmoid .................................
[CV]  C=0.1, gamma=10, kernel=sigmoid, score=0.8873512988589464, total=  45.7s
[CV] C=0.1, gamma=10, kernel=sigmoid .................................
[CV]  C=0.1, gamma=10, kernel=sigmoid, score=0.8873239436619719, total=  46.0s
[CV] C=0.1, gamma=10, kernel=sigmoid .................................
[CV]  C=0.1, gamma=10, kernel=sigmoid, score=0.8873239436619719, total=  45.8s
[CV] C=0.1, gamma=100, kernel=linear .................................
[CV]  C=0.1, gamma=100, kernel=linear, score=0.8980335032774945, total= 2.6min
[CV] C=0.1, gamma=100, kernel=linear .................................
[CV]  C=0.1, gamma=100, kernel=linear, score=0.8990046127700898, total= 2.7min
[CV] C=0.1, gamma=100, kernel=linear .................................
[CV]  C=0.1, gamma=100, kernel=linear, score=0.8941490653071134, total= 2.7min
[CV] C=0.1, gamma=100, kernel=linear .................................
[CV]  C=0.1, gamma=100, kernel=linear, score=0.9053168244719592, total= 3.0min
[CV] C=0.1, gamma=100, kernel=linear .................................
[CV]  C=0.1, gamma=100, kernel=linear, score=0.894634620053411, total= 3.0min
[CV] C=0.1, gamma=100, kernel=linear .................................
[CV]  C=0.1, gamma=100, kernel=linear, score=0.8691429958727847, total= 2.8min
[CV] C=0.1, gamma=100, kernel=linear .................................
[CV]  C=0.1, gamma=100, kernel=linear, score=0.8715707696042729, total= 3.0min
[CV] C=0.1, gamma=100, kernel=linear .................................
[CV]  C=0.1, gamma=100, kernel=linear, score=0.3253216800194222, total= 3.6min
[CV] C=0.1, gamma=100, kernel=linear .................................
[CV]  C=0.1, gamma=100, kernel=linear, score=0.9171928120446818, total= 3.4min
[CV] C=0.1, gamma=100, kernel=linear .................................
[CV]  C=0.1, gamma=100, kernel=linear, score=0.4968431277319087, total= 2.1min
[CV] C=0.1, gamma=100, kernel=rbf ....................................
[CV]  C=0.1, gamma=100, kernel=rbf, score=0.8873512988589464, total= 8.8min
[CV] C=0.1, gamma=100, kernel=rbf ....................................
[CV]  C=0.1, gamma=100, kernel=rbf, score=0.8873512988589464, total= 8.9min
[CV] C=0.1, gamma=100, kernel=rbf ....................................
[CV]  C=0.1, gamma=100, kernel=rbf, score=0.8873512988589464, total= 8.8min
[CV] C=0.1, gamma=100, kernel=rbf ....................................
[CV]  C=0.1, gamma=100, kernel=rbf, score=0.8873512988589464, total= 8.8min
[CV] C=0.1, gamma=100, kernel=rbf ....................................
[CV]  C=0.1, gamma=100, kernel=rbf, score=0.8873512988589464, total= 8.8min
[CV] C=0.1, gamma=100, kernel=rbf ....................................
[CV]  C=0.1, gamma=100, kernel=rbf, score=0.8873512988589464, total= 8.8min
[CV] C=0.1, gamma=100, kernel=rbf ....................................
[CV]  C=0.1, gamma=100, kernel=rbf, score=0.8873512988589464, total= 8.9min
[CV] C=0.1, gamma=100, kernel=rbf ....................................
[CV]  C=0.1, gamma=100, kernel=rbf, score=0.8873512988589464, total= 8.8min
[CV] C=0.1, gamma=100, kernel=rbf ....................................
[CV]  C=0.1, gamma=100, kernel=rbf, score=0.8873239436619719, total= 8.7min
[CV] C=0.1, gamma=100, kernel=rbf ....................................
[CV]  C=0.1, gamma=100, kernel=rbf, score=0.8873239436619719, total= 8.8min
[CV] C=0.1, gamma=100, kernel=sigmoid ................................
[CV]  C=0.1, gamma=100, kernel=sigmoid, score=0.8873512988589464, total=  45.9s
[CV] C=0.1, gamma=100, kernel=sigmoid ................................
[CV]  C=0.1, gamma=100, kernel=sigmoid, score=0.8873512988589464, total=  45.8s
[CV] C=0.1, gamma=100, kernel=sigmoid ................................
[CV]  C=0.1, gamma=100, kernel=sigmoid, score=0.8873512988589464, total=  45.9s
[CV] C=0.1, gamma=100, kernel=sigmoid ................................
[CV]  C=0.1, gamma=100, kernel=sigmoid, score=0.8873512988589464, total=  45.7s
[CV] C=0.1, gamma=100, kernel=sigmoid ................................
[CV]  C=0.1, gamma=100, kernel=sigmoid, score=0.8873512988589464, total=  45.9s
[CV] C=0.1, gamma=100, kernel=sigmoid ................................
[CV]  C=0.1, gamma=100, kernel=sigmoid, score=0.8873512988589464, total=  45.8s
[CV] C=0.1, gamma=100, kernel=sigmoid ................................
[CV]  C=0.1, gamma=100, kernel=sigmoid, score=0.8873512988589464, total=  45.8s
[CV] C=0.1, gamma=100, kernel=sigmoid ................................
[CV]  C=0.1, gamma=100, kernel=sigmoid, score=0.8873512988589464, total=  45.8s
[CV] C=0.1, gamma=100, kernel=sigmoid ................................
[CV]  C=0.1, gamma=100, kernel=sigmoid, score=0.8873239436619719, total=  46.0s
[CV] C=0.1, gamma=100, kernel=sigmoid ................................
[CV]  C=0.1, gamma=100, kernel=sigmoid, score=0.8873239436619719, total=  45.4s
[CV] C=1.0, gamma=1, kernel=linear ...................................
[CV]  C=1.0, gamma=1, kernel=linear, score=0.8982762806506434, total= 3.0min
[CV] C=1.0, gamma=1, kernel=linear ...................................
[CV]  C=1.0, gamma=1, kernel=linear, score=0.8990046127700898, total= 2.5min
[CV] C=1.0, gamma=1, kernel=linear ...................................
[CV]  C=1.0, gamma=1, kernel=linear, score=0.8953629521728574, total= 2.7min
[CV] C=1.0, gamma=1, kernel=linear ...................................
[CV]  C=1.0, gamma=1, kernel=linear, score=0.9167273610099539, total= 3.1min
[CV] C=1.0, gamma=1, kernel=linear ...................................
[CV]  C=1.0, gamma=1, kernel=linear, score=0.8936635105608157, total= 3.1min
[CV] C=1.0, gamma=1, kernel=linear ...................................
[CV]  C=1.0, gamma=1, kernel=linear, score=0.8689002184996358, total= 3.1min
[CV] C=1.0, gamma=1, kernel=linear ...................................
[CV]  C=1.0, gamma=1, kernel=linear, score=0.9322651128914785, total= 2.8min
[CV] C=1.0, gamma=1, kernel=linear ...................................
[CV]  C=1.0, gamma=1, kernel=linear, score=0.32629278951201746, total= 3.2min
[CV] C=1.0, gamma=1, kernel=linear ...................................
[CV]  C=1.0, gamma=1, kernel=linear, score=0.9174356483729966, total= 3.2min
[CV] C=1.0, gamma=1, kernel=linear ...................................
[CV]  C=1.0, gamma=1, kernel=linear, score=0.5046138902379796, total= 2.1min
[CV] C=1.0, gamma=1, kernel=rbf ......................................
[CV]  C=1.0, gamma=1, kernel=rbf, score=0.8873512988589464, total=14.3min
[CV] C=1.0, gamma=1, kernel=rbf ......................................
[CV]  C=1.0, gamma=1, kernel=rbf, score=0.8873512988589464, total=14.3min
[CV] C=1.0, gamma=1, kernel=rbf ......................................
[CV]  C=1.0, gamma=1, kernel=rbf, score=0.8873512988589464, total=14.3min
[CV] C=1.0, gamma=1, kernel=rbf ......................................
[CV]  C=1.0, gamma=1, kernel=rbf, score=0.8873512988589464, total=14.6min
[CV] C=1.0, gamma=1, kernel=rbf ......................................
[CV]  C=1.0, gamma=1, kernel=rbf, score=0.8873512988589464, total=14.0min
[CV] C=1.0, gamma=1, kernel=rbf ......................................
[CV]  C=1.0, gamma=1, kernel=rbf, score=0.8873512988589464, total=14.0min
[CV] C=1.0, gamma=1, kernel=rbf ......................................
[CV]  C=1.0, gamma=1, kernel=rbf, score=0.8873512988589464, total=14.3min
[CV] C=1.0, gamma=1, kernel=rbf ......................................
[CV]  C=1.0, gamma=1, kernel=rbf, score=0.8873512988589464, total=14.4min
[CV] C=1.0, gamma=1, kernel=rbf ......................................
[CV]  C=1.0, gamma=1, kernel=rbf, score=0.8873239436619719, total=14.5min
[CV] C=1.0, gamma=1, kernel=rbf ......................................
[CV]  C=1.0, gamma=1, kernel=rbf, score=0.8873239436619719, total=14.3min
[CV] C=1.0, gamma=1, kernel=sigmoid ..................................
[CV]  C=1.0, gamma=1, kernel=sigmoid, score=0.8873512988589464, total=  45.9s
[CV] C=1.0, gamma=1, kernel=sigmoid ..................................
[CV]  C=1.0, gamma=1, kernel=sigmoid, score=0.8873512988589464, total=  46.0s
[CV] C=1.0, gamma=1, kernel=sigmoid ..................................
[CV]  C=1.0, gamma=1, kernel=sigmoid, score=0.8873512988589464, total=  45.9s
[CV] C=1.0, gamma=1, kernel=sigmoid ..................................
[CV]  C=1.0, gamma=1, kernel=sigmoid, score=0.8873512988589464, total=  46.1s
[CV] C=1.0, gamma=1, kernel=sigmoid ..................................
[CV]  C=1.0, gamma=1, kernel=sigmoid, score=0.8873512988589464, total=  46.0s
[CV] C=1.0, gamma=1, kernel=sigmoid ..................................
[CV]  C=1.0, gamma=1, kernel=sigmoid, score=0.8873512988589464, total=  46.1s
[CV] C=1.0, gamma=1, kernel=sigmoid ..................................
[CV]  C=1.0, gamma=1, kernel=sigmoid, score=0.8873512988589464, total=  46.0s
[CV] C=1.0, gamma=1, kernel=sigmoid ..................................
[CV]  C=1.0, gamma=1, kernel=sigmoid, score=0.8873512988589464, total=  45.9s
[CV] C=1.0, gamma=1, kernel=sigmoid ..................................
[CV]  C=1.0, gamma=1, kernel=sigmoid, score=0.8873239436619719, total=  45.7s
[CV] C=1.0, gamma=1, kernel=sigmoid ..................................
[CV]  C=1.0, gamma=1, kernel=sigmoid, score=0.8873239436619719, total=  45.5s
[CV] C=1.0, gamma=10, kernel=linear ..................................
[CV]  C=1.0, gamma=10, kernel=linear, score=0.8982762806506434, total= 2.9min
[CV] C=1.0, gamma=10, kernel=linear ..................................
[CV]  C=1.0, gamma=10, kernel=linear, score=0.8990046127700898, total= 2.6min
[CV] C=1.0, gamma=10, kernel=linear ..................................
[CV]  C=1.0, gamma=10, kernel=linear, score=0.8953629521728574, total= 3.0min
[CV] C=1.0, gamma=10, kernel=linear ..................................
[CV]  C=1.0, gamma=10, kernel=linear, score=0.9167273610099539, total= 3.1min
[CV] C=1.0, gamma=10, kernel=linear ..................................
[CV]  C=1.0, gamma=10, kernel=linear, score=0.8936635105608157, total= 2.8min
[CV] C=1.0, gamma=10, kernel=linear ..................................
[CV]  C=1.0, gamma=10, kernel=linear, score=0.8689002184996358, total= 2.8min
[CV] C=1.0, gamma=10, kernel=linear ..................................
[CV]  C=1.0, gamma=10, kernel=linear, score=0.9322651128914785, total= 3.0min
[CV] C=1.0, gamma=10, kernel=linear ..................................
[CV]  C=1.0, gamma=10, kernel=linear, score=0.32629278951201746, total= 3.2min
[CV] C=1.0, gamma=10, kernel=linear ..................................
[CV]  C=1.0, gamma=10, kernel=linear, score=0.9174356483729966, total= 3.1min
[CV] C=1.0, gamma=10, kernel=linear ..................................
[CV]  C=1.0, gamma=10, kernel=linear, score=0.5046138902379796, total= 2.2min
[CV] C=1.0, gamma=10, kernel=rbf .....................................
[CV]  C=1.0, gamma=10, kernel=rbf, score=0.8873512988589464, total=13.2min
[CV] C=1.0, gamma=10, kernel=rbf .....................................
[CV]  C=1.0, gamma=10, kernel=rbf, score=0.8873512988589464, total=13.3min
[CV] C=1.0, gamma=10, kernel=rbf .....................................
[CV]  C=1.0, gamma=10, kernel=rbf, score=0.8873512988589464, total=13.6min
[CV] C=1.0, gamma=10, kernel=rbf .....................................
[CV]  C=1.0, gamma=10, kernel=rbf, score=0.8873512988589464, total=13.7min
[CV] C=1.0, gamma=10, kernel=rbf .....................................
[CV]  C=1.0, gamma=10, kernel=rbf, score=0.8873512988589464, total=13.1min
[CV] C=1.0, gamma=10, kernel=rbf .....................................
[CV]  C=1.0, gamma=10, kernel=rbf, score=0.8873512988589464, total=13.1min
[CV] C=1.0, gamma=10, kernel=rbf .....................................
[CV]  C=1.0, gamma=10, kernel=rbf, score=0.8873512988589464, total=13.5min
[CV] C=1.0, gamma=10, kernel=rbf .....................................
[CV]  C=1.0, gamma=10, kernel=rbf, score=0.8873512988589464, total=13.7min
[CV] C=1.0, gamma=10, kernel=rbf .....................................
[CV]  C=1.0, gamma=10, kernel=rbf, score=0.8873239436619719, total=13.2min
[CV] C=1.0, gamma=10, kernel=rbf .....................................
[CV]  C=1.0, gamma=10, kernel=rbf, score=0.8873239436619719, total=13.6min
[CV] C=1.0, gamma=10, kernel=sigmoid .................................
[CV]  C=1.0, gamma=10, kernel=sigmoid, score=0.8873512988589464, total=  46.0s
[CV] C=1.0, gamma=10, kernel=sigmoid .................................
[CV]  C=1.0, gamma=10, kernel=sigmoid, score=0.8873512988589464, total=  45.9s
[CV] C=1.0, gamma=10, kernel=sigmoid .................................
[CV]  C=1.0, gamma=10, kernel=sigmoid, score=0.8873512988589464, total=  47.0s
[CV] C=1.0, gamma=10, kernel=sigmoid .................................
[CV]  C=1.0, gamma=10, kernel=sigmoid, score=0.8873512988589464, total=  46.0s
[CV] C=1.0, gamma=10, kernel=sigmoid .................................
[CV]  C=1.0, gamma=10, kernel=sigmoid, score=0.8873512988589464, total=  46.2s
[CV] C=1.0, gamma=10, kernel=sigmoid .................................
[CV]  C=1.0, gamma=10, kernel=sigmoid, score=0.8873512988589464, total=  46.3s
[CV] C=1.0, gamma=10, kernel=sigmoid .................................
[CV]  C=1.0, gamma=10, kernel=sigmoid, score=0.8873512988589464, total=  46.2s
[CV] C=1.0, gamma=10, kernel=sigmoid .................................
[CV]  C=1.0, gamma=10, kernel=sigmoid, score=0.8873512988589464, total=  46.3s
[CV] C=1.0, gamma=10, kernel=sigmoid .................................
[CV]  C=1.0, gamma=10, kernel=sigmoid, score=0.8873239436619719, total=  45.9s
[CV] C=1.0, gamma=10, kernel=sigmoid .................................
[CV]  C=1.0, gamma=10, kernel=sigmoid, score=0.8873239436619719, total=  45.4s
[CV] C=1.0, gamma=100, kernel=linear .................................
[CV]  C=1.0, gamma=100, kernel=linear, score=0.8982762806506434, total= 2.9min
[CV] C=1.0, gamma=100, kernel=linear .................................
[CV]  C=1.0, gamma=100, kernel=linear, score=0.8990046127700898, total= 2.7min
[CV] C=1.0, gamma=100, kernel=linear .................................
[CV]  C=1.0, gamma=100, kernel=linear, score=0.8953629521728574, total= 2.8min
[CV] C=1.0, gamma=100, kernel=linear .................................
[CV]  C=1.0, gamma=100, kernel=linear, score=0.9167273610099539, total= 3.2min
[CV] C=1.0, gamma=100, kernel=linear .................................
[CV]  C=1.0, gamma=100, kernel=linear, score=0.8936635105608157, total= 3.0min
[CV] C=1.0, gamma=100, kernel=linear .................................
[CV]  C=1.0, gamma=100, kernel=linear, score=0.8689002184996358, total= 2.9min
[CV] C=1.0, gamma=100, kernel=linear .................................
[CV]  C=1.0, gamma=100, kernel=linear, score=0.9322651128914785, total= 2.9min
[CV] C=1.0, gamma=100, kernel=linear .................................
[CV]  C=1.0, gamma=100, kernel=linear, score=0.32629278951201746, total= 3.1min
[CV] C=1.0, gamma=100, kernel=linear .................................
[CV]  C=1.0, gamma=100, kernel=linear, score=0.9174356483729966, total= 3.4min
[CV] C=1.0, gamma=100, kernel=linear .................................
[CV]  C=1.0, gamma=100, kernel=linear, score=0.5046138902379796, total= 2.2min
[CV] C=1.0, gamma=100, kernel=rbf ....................................
[CV]  C=1.0, gamma=100, kernel=rbf, score=0.8873512988589464, total=13.2min
[CV] C=1.0, gamma=100, kernel=rbf ....................................
[CV]  C=1.0, gamma=100, kernel=rbf, score=0.8873512988589464, total=13.9min
[CV] C=1.0, gamma=100, kernel=rbf ....................................
[CV]  C=1.0, gamma=100, kernel=rbf, score=0.8873512988589464, total=13.6min
[CV] C=1.0, gamma=100, kernel=rbf ....................................
[CV]  C=1.0, gamma=100, kernel=rbf, score=0.8873512988589464, total=14.3min
[CV] C=1.0, gamma=100, kernel=rbf ....................................
[CV]  C=1.0, gamma=100, kernel=rbf, score=0.8873512988589464, total=13.1min
[CV] C=1.0, gamma=100, kernel=rbf ....................................
[CV]  C=1.0, gamma=100, kernel=rbf, score=0.8873512988589464, total=13.5min
[CV] C=1.0, gamma=100, kernel=rbf ....................................
[CV]  C=1.0, gamma=100, kernel=rbf, score=0.8873512988589464, total=13.6min
[CV] C=1.0, gamma=100, kernel=rbf ....................................
[CV]  C=1.0, gamma=100, kernel=rbf, score=0.8873512988589464, total=13.2min
[CV] C=1.0, gamma=100, kernel=rbf ....................................
[CV]  C=1.0, gamma=100, kernel=rbf, score=0.8873239436619719, total=13.7min
[CV] C=1.0, gamma=100, kernel=rbf ....................................
[CV]  C=1.0, gamma=100, kernel=rbf, score=0.8873239436619719, total=12.5min
[CV] C=1.0, gamma=100, kernel=sigmoid ................................
[CV]  C=1.0, gamma=100, kernel=sigmoid, score=0.8873512988589464, total=  46.0s
[CV] C=1.0, gamma=100, kernel=sigmoid ................................
[CV]  C=1.0, gamma=100, kernel=sigmoid, score=0.8873512988589464, total=  46.2s
[CV] C=1.0, gamma=100, kernel=sigmoid ................................
[CV]  C=1.0, gamma=100, kernel=sigmoid, score=0.8873512988589464, total=  46.2s
[CV] C=1.0, gamma=100, kernel=sigmoid ................................
[CV]  C=1.0, gamma=100, kernel=sigmoid, score=0.8873512988589464, total=  46.1s
[CV] C=1.0, gamma=100, kernel=sigmoid ................................
[CV]  C=1.0, gamma=100, kernel=sigmoid, score=0.8873512988589464, total=  46.4s
[CV] C=1.0, gamma=100, kernel=sigmoid ................................
[CV]  C=1.0, gamma=100, kernel=sigmoid, score=0.8873512988589464, total=  46.0s
[CV] C=1.0, gamma=100, kernel=sigmoid ................................
[CV]  C=1.0, gamma=100, kernel=sigmoid, score=0.8873512988589464, total=  46.0s
[CV] C=1.0, gamma=100, kernel=sigmoid ................................
[CV]  C=1.0, gamma=100, kernel=sigmoid, score=0.8873512988589464, total=  46.3s
[CV] C=1.0, gamma=100, kernel=sigmoid ................................
[CV]  C=1.0, gamma=100, kernel=sigmoid, score=0.8873239436619719, total=  46.0s
[CV] C=1.0, gamma=100, kernel=sigmoid ................................
[CV]  C=1.0, gamma=100, kernel=sigmoid, score=0.8873239436619719, total=  45.6s
[CV] C=10.0, gamma=1, kernel=linear ..................................
[CV]  C=10.0, gamma=1, kernel=linear, score=0.8982762806506434, total= 2.7min
[CV] C=10.0, gamma=1, kernel=linear ..................................
[CV]  C=10.0, gamma=1, kernel=linear, score=0.8992473901432386, total= 2.7min
[CV] C=10.0, gamma=1, kernel=linear ..................................
[CV]  C=10.0, gamma=1, kernel=linear, score=0.8953629521728574, total= 3.1min
[CV] C=10.0, gamma=1, kernel=linear ..................................
[CV]  C=10.0, gamma=1, kernel=linear, score=0.9169701383831027, total= 3.1min
[CV] C=10.0, gamma=1, kernel=linear ..................................
[CV]  C=10.0, gamma=1, kernel=linear, score=0.8941490653071134, total= 2.8min
[CV] C=10.0, gamma=1, kernel=linear ..................................
[CV]  C=10.0, gamma=1, kernel=linear, score=0.8691429958727847, total= 2.7min
[CV] C=10.0, gamma=1, kernel=linear ..................................
[CV]  C=10.0, gamma=1, kernel=linear, score=0.9320223355183297, total= 3.1min
[CV] C=10.0, gamma=1, kernel=linear ..................................
[CV]  C=10.0, gamma=1, kernel=linear, score=0.32653556688516633, total= 3.0min
[CV] C=10.0, gamma=1, kernel=linear ..................................
[CV]  C=10.0, gamma=1, kernel=linear, score=0.9164643030597377, total= 3.6min
[CV] C=10.0, gamma=1, kernel=linear ..................................
[CV]  C=10.0, gamma=1, kernel=linear, score=0.5026711996114619, total= 2.1min
[CV] C=10.0, gamma=1, kernel=rbf .....................................
[CV]  C=10.0, gamma=1, kernel=rbf, score=0.8873512988589464, total=22.5min
[CV] C=10.0, gamma=1, kernel=rbf .....................................
[CV]  C=10.0, gamma=1, kernel=rbf, score=0.8873512988589464, total=23.8min
[CV] C=10.0, gamma=1, kernel=rbf .....................................
[CV]  C=10.0, gamma=1, kernel=rbf, score=0.8873512988589464, total=22.9min
[CV] C=10.0, gamma=1, kernel=rbf .....................................
[CV]  C=10.0, gamma=1, kernel=rbf, score=0.8873512988589464, total=22.7min
[CV] C=10.0, gamma=1, kernel=rbf .....................................
[CV]  C=10.0, gamma=1, kernel=rbf, score=0.8873512988589464, total=23.0min
[CV] C=10.0, gamma=1, kernel=rbf .....................................
[CV]  C=10.0, gamma=1, kernel=rbf, score=0.8873512988589464, total=23.2min
[CV] C=10.0, gamma=1, kernel=rbf .....................................
[CV]  C=10.0, gamma=1, kernel=rbf, score=0.8873512988589464, total=23.5min
[CV] C=10.0, gamma=1, kernel=rbf .....................................
[CV]  C=10.0, gamma=1, kernel=rbf, score=0.8873512988589464, total=23.8min
[CV] C=10.0, gamma=1, kernel=rbf .....................................
[CV]  C=10.0, gamma=1, kernel=rbf, score=0.8873239436619719, total=22.1min
[CV] C=10.0, gamma=1, kernel=rbf .....................................
[CV]  C=10.0, gamma=1, kernel=rbf, score=0.8873239436619719, total=22.3min
[CV] C=10.0, gamma=1, kernel=sigmoid .................................
[CV]  C=10.0, gamma=1, kernel=sigmoid, score=0.8873512988589464, total=  47.2s
[CV] C=10.0, gamma=1, kernel=sigmoid .................................
[CV]  C=10.0, gamma=1, kernel=sigmoid, score=0.8873512988589464, total=  47.4s
[CV] C=10.0, gamma=1, kernel=sigmoid .................................
[CV]  C=10.0, gamma=1, kernel=sigmoid, score=0.8873512988589464, total=  47.3s
[CV] C=10.0, gamma=1, kernel=sigmoid .................................
[CV]  C=10.0, gamma=1, kernel=sigmoid, score=0.8873512988589464, total=  47.3s
[CV] C=10.0, gamma=1, kernel=sigmoid .................................
[CV]  C=10.0, gamma=1, kernel=sigmoid, score=0.8873512988589464, total=  47.4s
[CV] C=10.0, gamma=1, kernel=sigmoid .................................
[CV]  C=10.0, gamma=1, kernel=sigmoid, score=0.8873512988589464, total=  47.1s
[CV] C=10.0, gamma=1, kernel=sigmoid .................................
[CV]  C=10.0, gamma=1, kernel=sigmoid, score=0.8873512988589464, total=  47.2s
[CV] C=10.0, gamma=1, kernel=sigmoid .................................
[CV]  C=10.0, gamma=1, kernel=sigmoid, score=0.8873512988589464, total=  47.1s
[CV] C=10.0, gamma=1, kernel=sigmoid .................................
[CV]  C=10.0, gamma=1, kernel=sigmoid, score=0.8873239436619719, total=  46.8s
[CV] C=10.0, gamma=1, kernel=sigmoid .................................
[CV]  C=10.0, gamma=1, kernel=sigmoid, score=0.8873239436619719, total=  46.6s
[CV] C=10.0, gamma=10, kernel=linear .................................
[CV]  C=10.0, gamma=10, kernel=linear, score=0.8982762806506434, total= 2.8min
[CV] C=10.0, gamma=10, kernel=linear .................................
[CV]  C=10.0, gamma=10, kernel=linear, score=0.8992473901432386, total= 2.9min
[CV] C=10.0, gamma=10, kernel=linear .................................
[CV]  C=10.0, gamma=10, kernel=linear, score=0.8953629521728574, total= 3.1min
[CV] C=10.0, gamma=10, kernel=linear .................................
[CV]  C=10.0, gamma=10, kernel=linear, score=0.9169701383831027, total= 3.2min
[CV] C=10.0, gamma=10, kernel=linear .................................
[CV]  C=10.0, gamma=10, kernel=linear, score=0.8941490653071134, total= 2.9min
[CV] C=10.0, gamma=10, kernel=linear .................................
[CV]  C=10.0, gamma=10, kernel=linear, score=0.8691429958727847, total= 3.1min
[CV] C=10.0, gamma=10, kernel=linear .................................
[CV]  C=10.0, gamma=10, kernel=linear, score=0.9320223355183297, total= 3.1min
[CV] C=10.0, gamma=10, kernel=linear .................................
[CV]  C=10.0, gamma=10, kernel=linear, score=0.32653556688516633, total= 3.7min
[CV] C=10.0, gamma=10, kernel=linear .................................
[CV]  C=10.0, gamma=10, kernel=linear, score=0.9164643030597377, total= 3.6min
[CV] C=10.0, gamma=10, kernel=linear .................................
[CV]  C=10.0, gamma=10, kernel=linear, score=0.5026711996114619, total= 2.3min
[CV] C=10.0, gamma=10, kernel=rbf ....................................
[CV]  C=10.0, gamma=10, kernel=rbf, score=0.8873512988589464, total=22.6min
[CV] C=10.0, gamma=10, kernel=rbf ....................................
[CV]  C=10.0, gamma=10, kernel=rbf, score=0.8873512988589464, total=23.0min
[CV] C=10.0, gamma=10, kernel=rbf ....................................
[CV]  C=10.0, gamma=10, kernel=rbf, score=0.8873512988589464, total=21.9min
[CV] C=10.0, gamma=10, kernel=rbf ....................................
[CV]  C=10.0, gamma=10, kernel=rbf, score=0.8873512988589464, total=22.9min
[CV] C=10.0, gamma=10, kernel=rbf ....................................
[CV]  C=10.0, gamma=10, kernel=rbf, score=0.8873512988589464, total=21.4min
[CV] C=10.0, gamma=10, kernel=rbf ....................................
[CV]  C=10.0, gamma=10, kernel=rbf, score=0.8873512988589464, total=23.1min
[CV] C=10.0, gamma=10, kernel=rbf ....................................
[CV]  C=10.0, gamma=10, kernel=rbf, score=0.8873512988589464, total=22.5min
[CV] C=10.0, gamma=10, kernel=rbf ....................................
[CV]  C=10.0, gamma=10, kernel=rbf, score=0.8873512988589464, total=22.3min
[CV] C=10.0, gamma=10, kernel=rbf ....................................
[CV]  C=10.0, gamma=10, kernel=rbf, score=0.8873239436619719, total=22.9min
[CV] C=10.0, gamma=10, kernel=rbf ....................................
[CV]  C=10.0, gamma=10, kernel=rbf, score=0.8873239436619719, total=22.1min
[CV] C=10.0, gamma=10, kernel=sigmoid ................................
[CV]  C=10.0, gamma=10, kernel=sigmoid, score=0.8873512988589464, total=  47.4s
[CV] C=10.0, gamma=10, kernel=sigmoid ................................
[CV]  C=10.0, gamma=10, kernel=sigmoid, score=0.8873512988589464, total=  45.9s
[CV] C=10.0, gamma=10, kernel=sigmoid ................................
[CV]  C=10.0, gamma=10, kernel=sigmoid, score=0.8873512988589464, total=  46.0s
[CV] C=10.0, gamma=10, kernel=sigmoid ................................
[CV]  C=10.0, gamma=10, kernel=sigmoid, score=0.8873512988589464, total=  45.9s
[CV] C=10.0, gamma=10, kernel=sigmoid ................................
[CV]  C=10.0, gamma=10, kernel=sigmoid, score=0.8873512988589464, total=  45.8s
[CV] C=10.0, gamma=10, kernel=sigmoid ................................
[CV]  C=10.0, gamma=10, kernel=sigmoid, score=0.8873512988589464, total=  46.2s
[CV] C=10.0, gamma=10, kernel=sigmoid ................................
[CV]  C=10.0, gamma=10, kernel=sigmoid, score=0.8873512988589464, total=  45.9s
[CV] C=10.0, gamma=10, kernel=sigmoid ................................
[CV]  C=10.0, gamma=10, kernel=sigmoid, score=0.8873512988589464, total=  46.0s
[CV] C=10.0, gamma=10, kernel=sigmoid ................................
[CV]  C=10.0, gamma=10, kernel=sigmoid, score=0.8873239436619719, total=  45.8s
[CV] C=10.0, gamma=10, kernel=sigmoid ................................
[CV]  C=10.0, gamma=10, kernel=sigmoid, score=0.8873239436619719, total=  45.9s
[CV] C=10.0, gamma=100, kernel=linear ................................
[CV]  C=10.0, gamma=100, kernel=linear, score=0.8982762806506434, total= 2.8min
[CV] C=10.0, gamma=100, kernel=linear ................................
[CV]  C=10.0, gamma=100, kernel=linear, score=0.8992473901432386, total= 2.6min
[CV] C=10.0, gamma=100, kernel=linear ................................
[CV]  C=10.0, gamma=100, kernel=linear, score=0.8953629521728574, total= 3.1min
[CV] C=10.0, gamma=100, kernel=linear ................................
[CV]  C=10.0, gamma=100, kernel=linear, score=0.9169701383831027, total= 2.9min
[CV] C=10.0, gamma=100, kernel=linear ................................
[CV]  C=10.0, gamma=100, kernel=linear, score=0.8941490653071134, total= 2.9min
[CV] C=10.0, gamma=100, kernel=linear ................................
[CV]  C=10.0, gamma=100, kernel=linear, score=0.8691429958727847, total= 3.0min
[CV] C=10.0, gamma=100, kernel=linear ................................
[CV]  C=10.0, gamma=100, kernel=linear, score=0.9320223355183297, total= 3.2min
[CV] C=10.0, gamma=100, kernel=linear ................................
[CV]  C=10.0, gamma=100, kernel=linear, score=0.32653556688516633, total= 3.3min
[CV] C=10.0, gamma=100, kernel=linear ................................
[CV]  C=10.0, gamma=100, kernel=linear, score=0.9164643030597377, total= 3.5min
[CV] C=10.0, gamma=100, kernel=linear ................................
[CV]  C=10.0, gamma=100, kernel=linear, score=0.5026711996114619, total= 2.3min
[CV] C=10.0, gamma=100, kernel=rbf ...................................
[CV]  C=10.0, gamma=100, kernel=rbf, score=0.8873512988589464, total=22.0min
[CV] C=10.0, gamma=100, kernel=rbf ...................................
[CV]  C=10.0, gamma=100, kernel=rbf, score=0.8873512988589464, total=22.5min
[CV] C=10.0, gamma=100, kernel=rbf ...................................
[CV]  C=10.0, gamma=100, kernel=rbf, score=0.8873512988589464, total=22.5min
[CV] C=10.0, gamma=100, kernel=rbf ...................................
[CV]  C=10.0, gamma=100, kernel=rbf, score=0.8873512988589464, total=20.8min
[CV] C=10.0, gamma=100, kernel=rbf ...................................
[CV]  C=10.0, gamma=100, kernel=rbf, score=0.8873512988589464, total=21.7min
[CV] C=10.0, gamma=100, kernel=rbf ...................................
[CV]  C=10.0, gamma=100, kernel=rbf, score=0.8873512988589464, total=21.2min
[CV] C=10.0, gamma=100, kernel=rbf ...................................
[CV]  C=10.0, gamma=100, kernel=rbf, score=0.8873512988589464, total=21.6min
[CV] C=10.0, gamma=100, kernel=rbf ...................................
[CV]  C=10.0, gamma=100, kernel=rbf, score=0.8873512988589464, total=20.6min
[CV] C=10.0, gamma=100, kernel=rbf ...................................
[CV]  C=10.0, gamma=100, kernel=rbf, score=0.8873239436619719, total=21.7min
[CV] C=10.0, gamma=100, kernel=rbf ...................................
[CV]  C=10.0, gamma=100, kernel=rbf, score=0.8873239436619719, total=21.4min
[CV] C=10.0, gamma=100, kernel=sigmoid ...............................
[CV]  C=10.0, gamma=100, kernel=sigmoid, score=0.8873512988589464, total=  46.1s
[CV] C=10.0, gamma=100, kernel=sigmoid ...............................
[CV]  C=10.0, gamma=100, kernel=sigmoid, score=0.8873512988589464, total=  46.1s
[CV] C=10.0, gamma=100, kernel=sigmoid ...............................
[CV]  C=10.0, gamma=100, kernel=sigmoid, score=0.8873512988589464, total=  46.2s
[CV] C=10.0, gamma=100, kernel=sigmoid ...............................
[CV]  C=10.0, gamma=100, kernel=sigmoid, score=0.8873512988589464, total=  46.1s
[CV] C=10.0, gamma=100, kernel=sigmoid ...............................
[CV]  C=10.0, gamma=100, kernel=sigmoid, score=0.8873512988589464, total=  45.9s
[CV] C=10.0, gamma=100, kernel=sigmoid ...............................
[CV]  C=10.0, gamma=100, kernel=sigmoid, score=0.8873512988589464, total=  45.9s
[CV] C=10.0, gamma=100, kernel=sigmoid ...............................
[CV]  C=10.0, gamma=100, kernel=sigmoid, score=0.8873512988589464, total=  46.1s
[CV] C=10.0, gamma=100, kernel=sigmoid ...............................
[CV]  C=10.0, gamma=100, kernel=sigmoid, score=0.8873512988589464, total=  45.9s
[CV] C=10.0, gamma=100, kernel=sigmoid ...............................
[CV]  C=10.0, gamma=100, kernel=sigmoid, score=0.8873239436619719, total=  45.6s
[CV] C=10.0, gamma=100, kernel=sigmoid ...............................
[CV]  C=10.0, gamma=100, kernel=sigmoid, score=0.8873239436619719, total=  45.4s
[Parallel(n_jobs=1)]: Done 270 out of 270 | elapsed: 1891.0min finished
Parameter: {'C': 0.1, 'gamma': 1, 'kernel': 'rbf'}
Score: 0.8873458288821987
Time: 114153.52171301842 sec
