age               0
job               0
marital           0
education         0
default           0
housing           0
loan              0
contact           0
month             0
day_of_week       0
duration          0
campaign          0
pdays             0
previous          0
poutcome          0
emp.var.rate      0
cons.price.idx    0
cons.conf.idx     0
euribor3m         0
nr.employed       0
y                 0
dtype: int64
Fitting 10 folds for each of 5 candidates, totalling 50 fits
[Parallel(n_jobs=1)]: Using backend SequentialBackend with 1 concurrent workers.
[CV] priors=None, var_smoothing=1e-09 ................................
[CV] .... priors=None, var_smoothing=1e-09, score=0.896, total=   0.0s
[Parallel(n_jobs=1)]: Done   1 out of   1 | elapsed:    0.0s remaining:    0.0s
[CV] priors=None, var_smoothing=1e-09 ................................
[CV] .... priors=None, var_smoothing=1e-09, score=0.898, total=   0.0s
[Parallel(n_jobs=1)]: Done   2 out of   2 | elapsed:    0.1s remaining:    0.0s
[CV] priors=None, var_smoothing=1e-09 ................................
[CV] .... priors=None, var_smoothing=1e-09, score=0.901, total=   0.0s
[Parallel(n_jobs=1)]: Done   3 out of   3 | elapsed:    0.1s remaining:    0.0s
[CV] priors=None, var_smoothing=1e-09 ................................
[CV] .... priors=None, var_smoothing=1e-09, score=0.918, total=   0.0s
[Parallel(n_jobs=1)]: Done   4 out of   4 | elapsed:    0.1s remaining:    0.0s
[CV] priors=None, var_smoothing=1e-09 ................................
[CV] .... priors=None, var_smoothing=1e-09, score=0.941, total=   0.0s
[Parallel(n_jobs=1)]: Done   5 out of   5 | elapsed:    0.1s remaining:    0.0s
[CV] priors=None, var_smoothing=1e-09 ................................
[CV] .... priors=None, var_smoothing=1e-09, score=0.932, total=   0.0s
[Parallel(n_jobs=1)]: Done   6 out of   6 | elapsed:    0.1s remaining:    0.0s
[CV] priors=None, var_smoothing=1e-09 ................................
[CV] .... priors=None, var_smoothing=1e-09, score=0.973, total=   0.0s
[Parallel(n_jobs=1)]: Done   7 out of   7 | elapsed:    0.2s remaining:    0.0s
[CV] priors=None, var_smoothing=1e-09 ................................
[CV] .... priors=None, var_smoothing=1e-09, score=0.662, total=   0.0s
[Parallel(n_jobs=1)]: Done   8 out of   8 | elapsed:    0.2s remaining:    0.0s
[CV] priors=None, var_smoothing=1e-09 ................................
[CV] .... priors=None, var_smoothing=1e-09, score=0.604, total=   0.0s
[Parallel(n_jobs=1)]: Done   9 out of   9 | elapsed:    0.2s remaining:    0.0s
[CV] priors=None, var_smoothing=1e-09 ................................
[CV] .... priors=None, var_smoothing=1e-09, score=0.244, total=   0.0s
[CV] priors=None, var_smoothing=1e-07 ................................
[CV] .... priors=None, var_smoothing=1e-07, score=0.896, total=   0.0s
[CV] priors=None, var_smoothing=1e-07 ................................
[CV] .... priors=None, var_smoothing=1e-07, score=0.898, total=   0.0s
[CV] priors=None, var_smoothing=1e-07 ................................
[CV] .... priors=None, var_smoothing=1e-07, score=0.901, total=   0.0s
[CV] priors=None, var_smoothing=1e-07 ................................
[CV] .... priors=None, var_smoothing=1e-07, score=0.917, total=   0.0s
[CV] priors=None, var_smoothing=1e-07 ................................
[CV] .... priors=None, var_smoothing=1e-07, score=0.942, total=   0.0s
[CV] priors=None, var_smoothing=1e-07 ................................
[CV] .... priors=None, var_smoothing=1e-07, score=0.932, total=   0.0s
[CV] priors=None, var_smoothing=1e-07 ................................
[CV] .... priors=None, var_smoothing=1e-07, score=0.974, total=   0.0s
[CV] priors=None, var_smoothing=1e-07 ................................
[CV] .... priors=None, var_smoothing=1e-07, score=0.664, total=   0.0s
[CV] priors=None, var_smoothing=1e-07 ................................
[CV] .... priors=None, var_smoothing=1e-07, score=0.609, total=   0.0s
[CV] priors=None, var_smoothing=1e-07 ................................
[CV] .... priors=None, var_smoothing=1e-07, score=0.244, total=   0.0s
[CV] priors=None, var_smoothing=1e-05 ................................
[CV] .... priors=None, var_smoothing=1e-05, score=0.904, total=   0.0s
[CV] priors=None, var_smoothing=1e-05 ................................
[CV] .... priors=None, var_smoothing=1e-05, score=0.900, total=   0.0s
[CV] priors=None, var_smoothing=1e-05 ................................
[CV] .... priors=None, var_smoothing=1e-05, score=0.902, total=   0.0s
[CV] priors=None, var_smoothing=1e-05 ................................
[CV] .... priors=None, var_smoothing=1e-05, score=0.908, total=   0.0s
[CV] priors=None, var_smoothing=1e-05 ................................
[CV] .... priors=None, var_smoothing=1e-05, score=0.929, total=   0.0s
[CV] priors=None, var_smoothing=1e-05 ................................
[CV] .... priors=None, var_smoothing=1e-05, score=0.912, total=   0.0s
[CV] priors=None, var_smoothing=1e-05 ................................
[CV] .... priors=None, var_smoothing=1e-05, score=0.958, total=   0.0s
[CV] priors=None, var_smoothing=1e-05 ................................
[CV] .... priors=None, var_smoothing=1e-05, score=0.882, total=   0.0s
[CV] priors=None, var_smoothing=1e-05 ................................
[CV] .... priors=None, var_smoothing=1e-05, score=0.932, total=   0.0s
[CV] priors=None, var_smoothing=1e-05 ................................
[CV] .... priors=None, var_smoothing=1e-05, score=0.330, total=   0.0s
[CV] priors=None, var_smoothing=0.001 ................................
[CV] .... priors=None, var_smoothing=0.001, score=0.917, total=   0.0s
[CV] priors=None, var_smoothing=0.001 ................................
[CV] .... priors=None, var_smoothing=0.001, score=0.914, total=   0.0s
[CV] priors=None, var_smoothing=0.001 ................................
[CV] .... priors=None, var_smoothing=0.001, score=0.904, total=   0.0s
[CV] priors=None, var_smoothing=0.001 ................................
[CV] .... priors=None, var_smoothing=0.001, score=0.899, total=   0.0s
[CV] priors=None, var_smoothing=0.001 ................................
[CV] .... priors=None, var_smoothing=0.001, score=0.916, total=   0.0s
[CV] priors=None, var_smoothing=0.001 ................................
[CV] .... priors=None, var_smoothing=0.001, score=0.903, total=   0.0s
[CV] priors=None, var_smoothing=0.001 ................................
[CV] .... priors=None, var_smoothing=0.001, score=0.914, total=   0.0s
[CV] priors=None, var_smoothing=0.001 ................................
[CV] .... priors=None, var_smoothing=0.001, score=0.907, total=   0.0s
[CV] priors=None, var_smoothing=0.001 ................................
[CV] .... priors=None, var_smoothing=0.001, score=0.931, total=   0.0s
[CV] priors=None, var_smoothing=0.001 ................................
[CV] .... priors=None, var_smoothing=0.001, score=0.553, total=   0.0s
[CV] priors=None, var_smoothing=0.1 ..................................
[CV] ...... priors=None, var_smoothing=0.1, score=0.920, total=   0.0s
[CV] priors=None, var_smoothing=0.1 ..................................
[CV] ...... priors=None, var_smoothing=0.1, score=0.916, total=   0.0s
[CV] priors=None, var_smoothing=0.1 ..................................
[CV] ...... priors=None, var_smoothing=0.1, score=0.904, total=   0.0s
[CV] priors=None, var_smoothing=0.1 ..................................
[CV] ...... priors=None, var_smoothing=0.1, score=0.897, total=   0.0s
[CV] priors=None, var_smoothing=0.1 ..................................
[CV] ...... priors=None, var_smoothing=0.1, score=0.912, total=   0.0s
[CV] priors=None, var_smoothing=0.1 ..................................
[CV] ...... priors=None, var_smoothing=0.1, score=0.902, total=   0.0s
[CV] priors=None, var_smoothing=0.1 ..................................
[CV] ...... priors=None, var_smoothing=0.1, score=0.910, total=   0.0s
[CV] priors=None, var_smoothing=0.1 ..................................
[CV] ...... priors=None, var_smoothing=0.1, score=0.905, total=   0.0s
[CV] priors=None, var_smoothing=0.1 ..................................
[CV] ...... priors=None, var_smoothing=0.1, score=0.920, total=   0.0s
[CV] priors=None, var_smoothing=0.1 ..................................
[CV] ...... priors=None, var_smoothing=0.1, score=0.843, total=   0.0s
[Parallel(n_jobs=1)]: Done  50 out of  50 | elapsed:    1.0s finished
Parameter: {'priors': None, 'var_smoothing': 0.1}
Score: 0.9029571719918423
Time: 1.007981777191162 sec
Fitting 10 folds for each of 15 candidates, totalling 150 fits
[Parallel(n_jobs=1)]: Using backend SequentialBackend with 1 concurrent workers.
[CV] max_iter=50, solver=newton-cg ...................................
[CV] ....... max_iter=50, solver=newton-cg, score=0.899, total=   1.1s
[Parallel(n_jobs=1)]: Done   1 out of   1 | elapsed:    1.1s remaining:    0.0s
[CV] max_iter=50, solver=newton-cg ...................................
[CV] ....... max_iter=50, solver=newton-cg, score=0.899, total=   1.2s
[Parallel(n_jobs=1)]: Done   2 out of   2 | elapsed:    2.3s remaining:    0.0s
[CV] max_iter=50, solver=newton-cg ...................................
[CV] ....... max_iter=50, solver=newton-cg, score=0.898, total=   0.9s
[Parallel(n_jobs=1)]: Done   3 out of   3 | elapsed:    3.1s remaining:    0.0s
[CV] max_iter=50, solver=newton-cg ...................................
[CV] ....... max_iter=50, solver=newton-cg, score=0.897, total=   1.0s
[Parallel(n_jobs=1)]: Done   4 out of   4 | elapsed:    4.2s remaining:    0.0s
[CV] max_iter=50, solver=newton-cg ...................................
[CV] ....... max_iter=50, solver=newton-cg, score=0.905, total=   1.0s
[Parallel(n_jobs=1)]: Done   5 out of   5 | elapsed:    5.2s remaining:    0.0s
[CV] max_iter=50, solver=newton-cg ...................................
[CV] ....... max_iter=50, solver=newton-cg, score=0.896, total=   0.8s
[Parallel(n_jobs=1)]: Done   6 out of   6 | elapsed:    6.0s remaining:    0.0s
[CV] max_iter=50, solver=newton-cg ...................................
[CV] ....... max_iter=50, solver=newton-cg, score=0.909, total=   0.9s
[Parallel(n_jobs=1)]: Done   7 out of   7 | elapsed:    6.8s remaining:    0.0s
[CV] max_iter=50, solver=newton-cg ...................................
[CV] ....... max_iter=50, solver=newton-cg, score=0.777, total=   0.9s
[Parallel(n_jobs=1)]: Done   8 out of   8 | elapsed:    7.7s remaining:    0.0s
[CV] max_iter=50, solver=newton-cg ...................................
[CV] ....... max_iter=50, solver=newton-cg, score=0.918, total=   1.0s
[Parallel(n_jobs=1)]: Done   9 out of   9 | elapsed:    8.7s remaining:    0.0s
[CV] max_iter=50, solver=newton-cg ...................................
[CV] ....... max_iter=50, solver=newton-cg, score=0.381, total=   0.9s
[CV] max_iter=50, solver=lbfgs .......................................
[CV] ........... max_iter=50, solver=lbfgs, score=0.921, total=   0.2s
[CV] max_iter=50, solver=lbfgs .......................................
[CV] ........... max_iter=50, solver=lbfgs, score=0.909, total=   0.2s
[CV] max_iter=50, solver=lbfgs .......................................
[CV] ........... max_iter=50, solver=lbfgs, score=0.899, total=   0.2s
[CV] max_iter=50, solver=lbfgs .......................................
[CV] ........... max_iter=50, solver=lbfgs, score=0.893, total=   0.2s
[CV] max_iter=50, solver=lbfgs .......................................
[CV] ........... max_iter=50, solver=lbfgs, score=0.907, total=   0.2s
[CV] max_iter=50, solver=lbfgs .......................................
[CV] ........... max_iter=50, solver=lbfgs, score=0.898, total=   0.2s
[CV] max_iter=50, solver=lbfgs .......................................
[CV] ........... max_iter=50, solver=lbfgs, score=0.890, total=   0.2s
[CV] max_iter=50, solver=lbfgs .......................................
[CV] ........... max_iter=50, solver=lbfgs, score=0.877, total=   0.2s
[CV] max_iter=50, solver=lbfgs .......................................
[CV] ........... max_iter=50, solver=lbfgs, score=0.916, total=   0.2s
[CV] max_iter=50, solver=lbfgs .......................................
[CV] ........... max_iter=50, solver=lbfgs, score=0.531, total=   0.2s
[CV] max_iter=50, solver=liblinear ...................................
[CV] ....... max_iter=50, solver=liblinear, score=0.902, total=   0.4s
[CV] max_iter=50, solver=liblinear ...................................
[CV] ....... max_iter=50, solver=liblinear, score=0.898, total=   0.3s
[CV] max_iter=50, solver=liblinear ...................................
[CV] ....... max_iter=50, solver=liblinear, score=0.897, total=   0.3s
[CV] max_iter=50, solver=liblinear ...................................
[CV] ....... max_iter=50, solver=liblinear, score=0.899, total=   0.2s
[CV] max_iter=50, solver=liblinear ...................................
[CV] ....... max_iter=50, solver=liblinear, score=0.912, total=   0.3s
[CV] max_iter=50, solver=liblinear ...................................
[CV] ....... max_iter=50, solver=liblinear, score=0.901, total=   0.3s
[CV] max_iter=50, solver=liblinear ...................................
[CV] ....... max_iter=50, solver=liblinear, score=0.913, total=   0.3s
[CV] max_iter=50, solver=liblinear ...................................
[CV] ....... max_iter=50, solver=liblinear, score=0.794, total=   0.3s
[CV] max_iter=50, solver=liblinear ...................................
[CV] ....... max_iter=50, solver=liblinear, score=0.917, total=   0.2s
[CV] max_iter=50, solver=liblinear ...................................
[CV] ....... max_iter=50, solver=liblinear, score=0.394, total=   0.5s
[CV] max_iter=50, solver=sag .........................................
[CV] ............. max_iter=50, solver=sag, score=0.914, total=   0.6s
[CV] max_iter=50, solver=sag .........................................
[CV] ............. max_iter=50, solver=sag, score=0.912, total=   0.5s
[CV] max_iter=50, solver=sag .........................................
[CV] ............. max_iter=50, solver=sag, score=0.903, total=   0.5s
[CV] max_iter=50, solver=sag .........................................
[CV] ............. max_iter=50, solver=sag, score=0.895, total=   0.5s
[CV] max_iter=50, solver=sag .........................................
[CV] ............. max_iter=50, solver=sag, score=0.906, total=   0.6s
[CV] max_iter=50, solver=sag .........................................
[CV] ............. max_iter=50, solver=sag, score=0.896, total=   0.6s
[CV] max_iter=50, solver=sag .........................................
[CV] ............. max_iter=50, solver=sag, score=0.899, total=   0.6s
[CV] max_iter=50, solver=sag .........................................
[CV] ............. max_iter=50, solver=sag, score=0.894, total=   0.6s
[CV] max_iter=50, solver=sag .........................................
[CV] ............. max_iter=50, solver=sag, score=0.917, total=   0.6s
[CV] max_iter=50, solver=sag .........................................
[CV] ............. max_iter=50, solver=sag, score=0.843, total=   0.6s
[CV] max_iter=50, solver=saga ........................................
[CV] ............ max_iter=50, solver=saga, score=0.915, total=   0.6s
[CV] max_iter=50, solver=saga ........................................
[CV] ............ max_iter=50, solver=saga, score=0.913, total=   0.6s
[CV] max_iter=50, solver=saga ........................................
[CV] ............ max_iter=50, solver=saga, score=0.903, total=   0.6s
[CV] max_iter=50, solver=saga ........................................
[CV] ............ max_iter=50, solver=saga, score=0.895, total=   0.6s
[CV] max_iter=50, solver=saga ........................................
[CV] ............ max_iter=50, solver=saga, score=0.906, total=   0.6s
[CV] max_iter=50, solver=saga ........................................
[CV] ............ max_iter=50, solver=saga, score=0.896, total=   0.6s
[CV] max_iter=50, solver=saga ........................................
[CV] ............ max_iter=50, solver=saga, score=0.900, total=   0.5s
[CV] max_iter=50, solver=saga ........................................
[CV] ............ max_iter=50, solver=saga, score=0.898, total=   0.5s
[CV] max_iter=50, solver=saga ........................................
[CV] ............ max_iter=50, solver=saga, score=0.917, total=   0.5s
[CV] max_iter=50, solver=saga ........................................
[CV] ............ max_iter=50, solver=saga, score=0.843, total=   0.5s
[CV] max_iter=100, solver=newton-cg ..................................
/home/nlplab/anaconda3/lib/python3.6/site-packages/scipy/optimize/linesearch.py:466: LineSearchWarning: The line search algorithm did not converge
  warn('The line search algorithm did not converge', LineSearchWarning)
/home/nlplab/anaconda3/lib/python3.6/site-packages/scipy/optimize/linesearch.py:314: LineSearchWarning: The line search algorithm did not converge
  warn('The line search algorithm did not converge', LineSearchWarning)
/home/nlplab/anaconda3/lib/python3.6/site-packages/scipy/optimize/linesearch.py:466: LineSearchWarning: The line search algorithm did not converge
  warn('The line search algorithm did not converge', LineSearchWarning)
/home/nlplab/anaconda3/lib/python3.6/site-packages/scipy/optimize/linesearch.py:314: LineSearchWarning: The line search algorithm did not converge
  warn('The line search algorithm did not converge', LineSearchWarning)
/home/nlplab/anaconda3/lib/python3.6/site-packages/scipy/optimize/linesearch.py:466: LineSearchWarning: The line search algorithm did not converge
  warn('The line search algorithm did not converge', LineSearchWarning)
/home/nlplab/anaconda3/lib/python3.6/site-packages/scipy/optimize/linesearch.py:314: LineSearchWarning: The line search algorithm did not converge
  warn('The line search algorithm did not converge', LineSearchWarning)
/home/nlplab/anaconda3/lib/python3.6/site-packages/scipy/optimize/linesearch.py:466: LineSearchWarning: The line search algorithm did not converge
  warn('The line search algorithm did not converge', LineSearchWarning)
/home/nlplab/anaconda3/lib/python3.6/site-packages/scipy/optimize/linesearch.py:314: LineSearchWarning: The line search algorithm did not converge
  warn('The line search algorithm did not converge', LineSearchWarning)
[CV] ...... max_iter=100, solver=newton-cg, score=0.898, total=   2.1s
[CV] max_iter=100, solver=newton-cg ..................................
/home/nlplab/anaconda3/lib/python3.6/site-packages/scipy/optimize/linesearch.py:466: LineSearchWarning: The line search algorithm did not converge
  warn('The line search algorithm did not converge', LineSearchWarning)
/home/nlplab/anaconda3/lib/python3.6/site-packages/scipy/optimize/linesearch.py:314: LineSearchWarning: The line search algorithm did not converge
  warn('The line search algorithm did not converge', LineSearchWarning)
/home/nlplab/anaconda3/lib/python3.6/site-packages/scipy/optimize/linesearch.py:466: LineSearchWarning: The line search algorithm did not converge
  warn('The line search algorithm did not converge', LineSearchWarning)
/home/nlplab/anaconda3/lib/python3.6/site-packages/scipy/optimize/linesearch.py:314: LineSearchWarning: The line search algorithm did not converge
  warn('The line search algorithm did not converge', LineSearchWarning)
[CV] ...... max_iter=100, solver=newton-cg, score=0.899, total=   2.2s
[CV] max_iter=100, solver=newton-cg ..................................
/home/nlplab/anaconda3/lib/python3.6/site-packages/scipy/optimize/linesearch.py:466: LineSearchWarning: The line search algorithm did not converge
  warn('The line search algorithm did not converge', LineSearchWarning)
/home/nlplab/anaconda3/lib/python3.6/site-packages/scipy/optimize/linesearch.py:314: LineSearchWarning: The line search algorithm did not converge
  warn('The line search algorithm did not converge', LineSearchWarning)
/home/nlplab/anaconda3/lib/python3.6/site-packages/scipy/optimize/linesearch.py:466: LineSearchWarning: The line search algorithm did not converge
  warn('The line search algorithm did not converge', LineSearchWarning)
/home/nlplab/anaconda3/lib/python3.6/site-packages/scipy/optimize/linesearch.py:314: LineSearchWarning: The line search algorithm did not converge
  warn('The line search algorithm did not converge', LineSearchWarning)
[CV] ...... max_iter=100, solver=newton-cg, score=0.891, total=   1.9s
[CV] max_iter=100, solver=newton-cg ..................................
/home/nlplab/anaconda3/lib/python3.6/site-packages/scipy/optimize/linesearch.py:466: LineSearchWarning: The line search algorithm did not converge
  warn('The line search algorithm did not converge', LineSearchWarning)
/home/nlplab/anaconda3/lib/python3.6/site-packages/scipy/optimize/linesearch.py:314: LineSearchWarning: The line search algorithm did not converge
  warn('The line search algorithm did not converge', LineSearchWarning)
[CV] ...... max_iter=100, solver=newton-cg, score=0.897, total=   2.1s
[CV] max_iter=100, solver=newton-cg ..................................
/home/nlplab/anaconda3/lib/python3.6/site-packages/scipy/optimize/linesearch.py:314: LineSearchWarning: The line search algorithm did not converge
  warn('The line search algorithm did not converge', LineSearchWarning)
/home/nlplab/anaconda3/lib/python3.6/site-packages/sklearn/utils/optimize.py:195: UserWarning: Line Search failed
  warnings.warn('Line Search failed')
[CV] ...... max_iter=100, solver=newton-cg, score=0.902, total=   2.1s
[CV] max_iter=100, solver=newton-cg ..................................
/home/nlplab/anaconda3/lib/python3.6/site-packages/scipy/optimize/linesearch.py:466: LineSearchWarning: The line search algorithm did not converge
  warn('The line search algorithm did not converge', LineSearchWarning)
/home/nlplab/anaconda3/lib/python3.6/site-packages/scipy/optimize/linesearch.py:314: LineSearchWarning: The line search algorithm did not converge
  warn('The line search algorithm did not converge', LineSearchWarning)
/home/nlplab/anaconda3/lib/python3.6/site-packages/scipy/optimize/linesearch.py:466: LineSearchWarning: The line search algorithm did not converge
  warn('The line search algorithm did not converge', LineSearchWarning)
/home/nlplab/anaconda3/lib/python3.6/site-packages/scipy/optimize/linesearch.py:314: LineSearchWarning: The line search algorithm did not converge
  warn('The line search algorithm did not converge', LineSearchWarning)
/home/nlplab/anaconda3/lib/python3.6/site-packages/scipy/optimize/linesearch.py:466: LineSearchWarning: The line search algorithm did not converge
  warn('The line search algorithm did not converge', LineSearchWarning)
/home/nlplab/anaconda3/lib/python3.6/site-packages/scipy/optimize/linesearch.py:314: LineSearchWarning: The line search algorithm did not converge
  warn('The line search algorithm did not converge', LineSearchWarning)
[CV] ...... max_iter=100, solver=newton-cg, score=0.892, total=   2.2s
[CV] max_iter=100, solver=newton-cg ..................................
/home/nlplab/anaconda3/lib/python3.6/site-packages/scipy/optimize/linesearch.py:466: LineSearchWarning: The line search algorithm did not converge
  warn('The line search algorithm did not converge', LineSearchWarning)
/home/nlplab/anaconda3/lib/python3.6/site-packages/scipy/optimize/linesearch.py:314: LineSearchWarning: The line search algorithm did not converge
  warn('The line search algorithm did not converge', LineSearchWarning)
/home/nlplab/anaconda3/lib/python3.6/site-packages/scipy/optimize/linesearch.py:466: LineSearchWarning: The line search algorithm did not converge
  warn('The line search algorithm did not converge', LineSearchWarning)
/home/nlplab/anaconda3/lib/python3.6/site-packages/scipy/optimize/linesearch.py:314: LineSearchWarning: The line search algorithm did not converge
  warn('The line search algorithm did not converge', LineSearchWarning)
[CV] ...... max_iter=100, solver=newton-cg, score=0.907, total=   2.5s
[CV] max_iter=100, solver=newton-cg ..................................
[CV] ...... max_iter=100, solver=newton-cg, score=0.742, total=   2.5s
[CV] max_iter=100, solver=newton-cg ..................................
/home/nlplab/anaconda3/lib/python3.6/site-packages/scipy/optimize/linesearch.py:466: LineSearchWarning: The line search algorithm did not converge
  warn('The line search algorithm did not converge', LineSearchWarning)
/home/nlplab/anaconda3/lib/python3.6/site-packages/scipy/optimize/linesearch.py:314: LineSearchWarning: The line search algorithm did not converge
  warn('The line search algorithm did not converge', LineSearchWarning)
/home/nlplab/anaconda3/lib/python3.6/site-packages/scipy/optimize/linesearch.py:466: LineSearchWarning: The line search algorithm did not converge
  warn('The line search algorithm did not converge', LineSearchWarning)
/home/nlplab/anaconda3/lib/python3.6/site-packages/scipy/optimize/linesearch.py:314: LineSearchWarning: The line search algorithm did not converge
  warn('The line search algorithm did not converge', LineSearchWarning)
/home/nlplab/anaconda3/lib/python3.6/site-packages/scipy/optimize/linesearch.py:466: LineSearchWarning: The line search algorithm did not converge
  warn('The line search algorithm did not converge', LineSearchWarning)
/home/nlplab/anaconda3/lib/python3.6/site-packages/scipy/optimize/linesearch.py:314: LineSearchWarning: The line search algorithm did not converge
  warn('The line search algorithm did not converge', LineSearchWarning)
[CV] ...... max_iter=100, solver=newton-cg, score=0.919, total=   2.2s
[CV] max_iter=100, solver=newton-cg ..................................
[CV] ...... max_iter=100, solver=newton-cg, score=0.382, total=   1.9s
[CV] max_iter=100, solver=lbfgs ......................................
[CV] .......... max_iter=100, solver=lbfgs, score=0.903, total=   0.3s
[CV] max_iter=100, solver=lbfgs ......................................
[CV] .......... max_iter=100, solver=lbfgs, score=0.898, total=   0.4s
[CV] max_iter=100, solver=lbfgs ......................................
[CV] .......... max_iter=100, solver=lbfgs, score=0.899, total=   0.3s
[CV] max_iter=100, solver=lbfgs ......................................
[CV] .......... max_iter=100, solver=lbfgs, score=0.898, total=   0.3s
[CV] max_iter=100, solver=lbfgs ......................................
[CV] .......... max_iter=100, solver=lbfgs, score=0.919, total=   0.3s
[CV] max_iter=100, solver=lbfgs ......................................
[CV] .......... max_iter=100, solver=lbfgs, score=0.904, total=   0.3s
[CV] max_iter=100, solver=lbfgs ......................................
[CV] .......... max_iter=100, solver=lbfgs, score=0.921, total=   0.3s
[CV] max_iter=100, solver=lbfgs ......................................
[CV] .......... max_iter=100, solver=lbfgs, score=0.834, total=   0.3s
[CV] max_iter=100, solver=lbfgs ......................................
[CV] .......... max_iter=100, solver=lbfgs, score=0.917, total=   0.3s
[CV] max_iter=100, solver=lbfgs ......................................
[CV] .......... max_iter=100, solver=lbfgs, score=0.468, total=   0.3s
[CV] max_iter=100, solver=liblinear ..................................
[CV] ...... max_iter=100, solver=liblinear, score=0.902, total=   0.3s
[CV] max_iter=100, solver=liblinear ..................................
[CV] ...... max_iter=100, solver=liblinear, score=0.898, total=   0.3s
[CV] max_iter=100, solver=liblinear ..................................
[CV] ...... max_iter=100, solver=liblinear, score=0.897, total=   0.3s
[CV] max_iter=100, solver=liblinear ..................................
[CV] ...... max_iter=100, solver=liblinear, score=0.899, total=   0.2s
[CV] max_iter=100, solver=liblinear ..................................
[CV] ...... max_iter=100, solver=liblinear, score=0.912, total=   0.3s
[CV] max_iter=100, solver=liblinear ..................................
[CV] ...... max_iter=100, solver=liblinear, score=0.901, total=   0.3s
[CV] max_iter=100, solver=liblinear ..................................
[CV] ...... max_iter=100, solver=liblinear, score=0.913, total=   0.3s
[CV] max_iter=100, solver=liblinear ..................................
[CV] ...... max_iter=100, solver=liblinear, score=0.794, total=   0.3s
[CV] max_iter=100, solver=liblinear ..................................
[CV] ...... max_iter=100, solver=liblinear, score=0.917, total=   0.2s
[CV] max_iter=100, solver=liblinear ..................................
[CV] ...... max_iter=100, solver=liblinear, score=0.394, total=   0.5s
[CV] max_iter=100, solver=sag ........................................
[CV] ............ max_iter=100, solver=sag, score=0.913, total=   1.1s
[CV] max_iter=100, solver=sag ........................................
[CV] ............ max_iter=100, solver=sag, score=0.910, total=   1.1s
[CV] max_iter=100, solver=sag ........................................
[CV] ............ max_iter=100, solver=sag, score=0.903, total=   1.1s
[CV] max_iter=100, solver=sag ........................................
[CV] ............ max_iter=100, solver=sag, score=0.894, total=   1.1s
[CV] max_iter=100, solver=sag ........................................
[CV] ............ max_iter=100, solver=sag, score=0.906, total=   1.1s
[CV] max_iter=100, solver=sag ........................................
[CV] ............ max_iter=100, solver=sag, score=0.895, total=   0.9s
[CV] max_iter=100, solver=sag ........................................
[CV] ............ max_iter=100, solver=sag, score=0.898, total=   1.1s
[CV] max_iter=100, solver=sag ........................................
[CV] ............ max_iter=100, solver=sag, score=0.890, total=   1.1s
[CV] max_iter=100, solver=sag ........................................
[CV] ............ max_iter=100, solver=sag, score=0.917, total=   1.1s
[CV] max_iter=100, solver=sag ........................................
[CV] ............ max_iter=100, solver=sag, score=0.842, total=   1.1s
[CV] max_iter=100, solver=saga .......................................
[CV] ........... max_iter=100, solver=saga, score=0.914, total=   1.2s
[CV] max_iter=100, solver=saga .......................................
[CV] ........... max_iter=100, solver=saga, score=0.912, total=   1.2s
[CV] max_iter=100, solver=saga .......................................
[CV] ........... max_iter=100, solver=saga, score=0.903, total=   1.1s
[CV] max_iter=100, solver=saga .......................................
[CV] ........... max_iter=100, solver=saga, score=0.895, total=   1.1s
[CV] max_iter=100, solver=saga .......................................
[CV] ........... max_iter=100, solver=saga, score=0.906, total=   1.2s
[CV] max_iter=100, solver=saga .......................................
[CV] ........... max_iter=100, solver=saga, score=0.896, total=   1.2s
[CV] max_iter=100, solver=saga .......................................
[CV] ........... max_iter=100, solver=saga, score=0.899, total=   1.2s
[CV] max_iter=100, solver=saga .......................................
[CV] ........... max_iter=100, solver=saga, score=0.894, total=   1.2s
[CV] max_iter=100, solver=saga .......................................
[CV] ........... max_iter=100, solver=saga, score=0.917, total=   1.2s
[CV] max_iter=100, solver=saga .......................................
[CV] ........... max_iter=100, solver=saga, score=0.843, total=   1.1s
[CV] max_iter=200, solver=newton-cg ..................................
/home/nlplab/anaconda3/lib/python3.6/site-packages/scipy/optimize/linesearch.py:466: LineSearchWarning: The line search algorithm did not converge
  warn('The line search algorithm did not converge', LineSearchWarning)
/home/nlplab/anaconda3/lib/python3.6/site-packages/scipy/optimize/linesearch.py:314: LineSearchWarning: The line search algorithm did not converge
  warn('The line search algorithm did not converge', LineSearchWarning)
/home/nlplab/anaconda3/lib/python3.6/site-packages/scipy/optimize/linesearch.py:466: LineSearchWarning: The line search algorithm did not converge
  warn('The line search algorithm did not converge', LineSearchWarning)
/home/nlplab/anaconda3/lib/python3.6/site-packages/scipy/optimize/linesearch.py:314: LineSearchWarning: The line search algorithm did not converge
  warn('The line search algorithm did not converge', LineSearchWarning)
/home/nlplab/anaconda3/lib/python3.6/site-packages/scipy/optimize/linesearch.py:466: LineSearchWarning: The line search algorithm did not converge
  warn('The line search algorithm did not converge', LineSearchWarning)
/home/nlplab/anaconda3/lib/python3.6/site-packages/scipy/optimize/linesearch.py:314: LineSearchWarning: The line search algorithm did not converge
  warn('The line search algorithm did not converge', LineSearchWarning)
/home/nlplab/anaconda3/lib/python3.6/site-packages/scipy/optimize/linesearch.py:466: LineSearchWarning: The line search algorithm did not converge
  warn('The line search algorithm did not converge', LineSearchWarning)
/home/nlplab/anaconda3/lib/python3.6/site-packages/scipy/optimize/linesearch.py:314: LineSearchWarning: The line search algorithm did not converge
  warn('The line search algorithm did not converge', LineSearchWarning)
/home/nlplab/anaconda3/lib/python3.6/site-packages/scipy/optimize/linesearch.py:466: LineSearchWarning: The line search algorithm did not converge
  warn('The line search algorithm did not converge', LineSearchWarning)
/home/nlplab/anaconda3/lib/python3.6/site-packages/scipy/optimize/linesearch.py:314: LineSearchWarning: The line search algorithm did not converge
  warn('The line search algorithm did not converge', LineSearchWarning)
/home/nlplab/anaconda3/lib/python3.6/site-packages/scipy/optimize/linesearch.py:466: LineSearchWarning: The line search algorithm did not converge
  warn('The line search algorithm did not converge', LineSearchWarning)
/home/nlplab/anaconda3/lib/python3.6/site-packages/scipy/optimize/linesearch.py:314: LineSearchWarning: The line search algorithm did not converge
  warn('The line search algorithm did not converge', LineSearchWarning)
/home/nlplab/anaconda3/lib/python3.6/site-packages/scipy/optimize/linesearch.py:466: LineSearchWarning: The line search algorithm did not converge
  warn('The line search algorithm did not converge', LineSearchWarning)
/home/nlplab/anaconda3/lib/python3.6/site-packages/scipy/optimize/linesearch.py:314: LineSearchWarning: The line search algorithm did not converge
  warn('The line search algorithm did not converge', LineSearchWarning)
/home/nlplab/anaconda3/lib/python3.6/site-packages/scipy/optimize/linesearch.py:466: LineSearchWarning: The line search algorithm did not converge
  warn('The line search algorithm did not converge', LineSearchWarning)
/home/nlplab/anaconda3/lib/python3.6/site-packages/scipy/optimize/linesearch.py:314: LineSearchWarning: The line search algorithm did not converge
  warn('The line search algorithm did not converge', LineSearchWarning)
/home/nlplab/anaconda3/lib/python3.6/site-packages/scipy/optimize/linesearch.py:466: LineSearchWarning: The line search algorithm did not converge
  warn('The line search algorithm did not converge', LineSearchWarning)
/home/nlplab/anaconda3/lib/python3.6/site-packages/scipy/optimize/linesearch.py:314: LineSearchWarning: The line search algorithm did not converge
  warn('The line search algorithm did not converge', LineSearchWarning)
/home/nlplab/anaconda3/lib/python3.6/site-packages/scipy/optimize/linesearch.py:466: LineSearchWarning: The line search algorithm did not converge
  warn('The line search algorithm did not converge', LineSearchWarning)
/home/nlplab/anaconda3/lib/python3.6/site-packages/scipy/optimize/linesearch.py:314: LineSearchWarning: The line search algorithm did not converge
  warn('The line search algorithm did not converge', LineSearchWarning)
/home/nlplab/anaconda3/lib/python3.6/site-packages/scipy/optimize/linesearch.py:466: LineSearchWarning: The line search algorithm did not converge
  warn('The line search algorithm did not converge', LineSearchWarning)
/home/nlplab/anaconda3/lib/python3.6/site-packages/scipy/optimize/linesearch.py:314: LineSearchWarning: The line search algorithm did not converge
  warn('The line search algorithm did not converge', LineSearchWarning)
/home/nlplab/anaconda3/lib/python3.6/site-packages/scipy/optimize/linesearch.py:466: LineSearchWarning: The line search algorithm did not converge
  warn('The line search algorithm did not converge', LineSearchWarning)
/home/nlplab/anaconda3/lib/python3.6/site-packages/scipy/optimize/linesearch.py:314: LineSearchWarning: The line search algorithm did not converge
  warn('The line search algorithm did not converge', LineSearchWarning)
/home/nlplab/anaconda3/lib/python3.6/site-packages/scipy/optimize/linesearch.py:466: LineSearchWarning: The line search algorithm did not converge
  warn('The line search algorithm did not converge', LineSearchWarning)
/home/nlplab/anaconda3/lib/python3.6/site-packages/scipy/optimize/linesearch.py:314: LineSearchWarning: The line search algorithm did not converge
  warn('The line search algorithm did not converge', LineSearchWarning)
/home/nlplab/anaconda3/lib/python3.6/site-packages/scipy/optimize/linesearch.py:426: LineSearchWarning: Rounding errors prevent the line search from converging
  warn(msg, LineSearchWarning)
/home/nlplab/anaconda3/lib/python3.6/site-packages/scipy/optimize/linesearch.py:314: LineSearchWarning: The line search algorithm did not converge
  warn('The line search algorithm did not converge', LineSearchWarning)
/home/nlplab/anaconda3/lib/python3.6/site-packages/sklearn/utils/optimize.py:195: UserWarning: Line Search failed
  warnings.warn('Line Search failed')
[CV] ...... max_iter=200, solver=newton-cg, score=0.897, total=   4.9s
[CV] max_iter=200, solver=newton-cg ..................................
/home/nlplab/anaconda3/lib/python3.6/site-packages/scipy/optimize/linesearch.py:466: LineSearchWarning: The line search algorithm did not converge
  warn('The line search algorithm did not converge', LineSearchWarning)
/home/nlplab/anaconda3/lib/python3.6/site-packages/scipy/optimize/linesearch.py:314: LineSearchWarning: The line search algorithm did not converge
  warn('The line search algorithm did not converge', LineSearchWarning)
/home/nlplab/anaconda3/lib/python3.6/site-packages/scipy/optimize/linesearch.py:466: LineSearchWarning: The line search algorithm did not converge
  warn('The line search algorithm did not converge', LineSearchWarning)
/home/nlplab/anaconda3/lib/python3.6/site-packages/scipy/optimize/linesearch.py:314: LineSearchWarning: The line search algorithm did not converge
  warn('The line search algorithm did not converge', LineSearchWarning)
/home/nlplab/anaconda3/lib/python3.6/site-packages/scipy/optimize/linesearch.py:466: LineSearchWarning: The line search algorithm did not converge
  warn('The line search algorithm did not converge', LineSearchWarning)
/home/nlplab/anaconda3/lib/python3.6/site-packages/scipy/optimize/linesearch.py:314: LineSearchWarning: The line search algorithm did not converge
  warn('The line search algorithm did not converge', LineSearchWarning)
/home/nlplab/anaconda3/lib/python3.6/site-packages/scipy/optimize/linesearch.py:466: LineSearchWarning: The line search algorithm did not converge
  warn('The line search algorithm did not converge', LineSearchWarning)
/home/nlplab/anaconda3/lib/python3.6/site-packages/scipy/optimize/linesearch.py:314: LineSearchWarning: The line search algorithm did not converge
  warn('The line search algorithm did not converge', LineSearchWarning)
/home/nlplab/anaconda3/lib/python3.6/site-packages/scipy/optimize/linesearch.py:466: LineSearchWarning: The line search algorithm did not converge
  warn('The line search algorithm did not converge', LineSearchWarning)
/home/nlplab/anaconda3/lib/python3.6/site-packages/scipy/optimize/linesearch.py:314: LineSearchWarning: The line search algorithm did not converge
  warn('The line search algorithm did not converge', LineSearchWarning)
/home/nlplab/anaconda3/lib/python3.6/site-packages/scipy/optimize/linesearch.py:466: LineSearchWarning: The line search algorithm did not converge
  warn('The line search algorithm did not converge', LineSearchWarning)
/home/nlplab/anaconda3/lib/python3.6/site-packages/scipy/optimize/linesearch.py:314: LineSearchWarning: The line search algorithm did not converge
  warn('The line search algorithm did not converge', LineSearchWarning)
/home/nlplab/anaconda3/lib/python3.6/site-packages/scipy/optimize/linesearch.py:466: LineSearchWarning: The line search algorithm did not converge
  warn('The line search algorithm did not converge', LineSearchWarning)
/home/nlplab/anaconda3/lib/python3.6/site-packages/scipy/optimize/linesearch.py:314: LineSearchWarning: The line search algorithm did not converge
  warn('The line search algorithm did not converge', LineSearchWarning)
/home/nlplab/anaconda3/lib/python3.6/site-packages/scipy/optimize/linesearch.py:466: LineSearchWarning: The line search algorithm did not converge
  warn('The line search algorithm did not converge', LineSearchWarning)
/home/nlplab/anaconda3/lib/python3.6/site-packages/scipy/optimize/linesearch.py:314: LineSearchWarning: The line search algorithm did not converge
  warn('The line search algorithm did not converge', LineSearchWarning)
/home/nlplab/anaconda3/lib/python3.6/site-packages/scipy/optimize/linesearch.py:314: LineSearchWarning: The line search algorithm did not converge
  warn('The line search algorithm did not converge', LineSearchWarning)
/home/nlplab/anaconda3/lib/python3.6/site-packages/sklearn/utils/optimize.py:195: UserWarning: Line Search failed
  warnings.warn('Line Search failed')
[CV] ...... max_iter=200, solver=newton-cg, score=0.899, total=   3.7s
[CV] max_iter=200, solver=newton-cg ..................................
/home/nlplab/anaconda3/lib/python3.6/site-packages/scipy/optimize/linesearch.py:466: LineSearchWarning: The line search algorithm did not converge
  warn('The line search algorithm did not converge', LineSearchWarning)
/home/nlplab/anaconda3/lib/python3.6/site-packages/scipy/optimize/linesearch.py:314: LineSearchWarning: The line search algorithm did not converge
  warn('The line search algorithm did not converge', LineSearchWarning)
/home/nlplab/anaconda3/lib/python3.6/site-packages/scipy/optimize/linesearch.py:466: LineSearchWarning: The line search algorithm did not converge
  warn('The line search algorithm did not converge', LineSearchWarning)
/home/nlplab/anaconda3/lib/python3.6/site-packages/scipy/optimize/linesearch.py:314: LineSearchWarning: The line search algorithm did not converge
  warn('The line search algorithm did not converge', LineSearchWarning)
/home/nlplab/anaconda3/lib/python3.6/site-packages/scipy/optimize/linesearch.py:466: LineSearchWarning: The line search algorithm did not converge
  warn('The line search algorithm did not converge', LineSearchWarning)
/home/nlplab/anaconda3/lib/python3.6/site-packages/scipy/optimize/linesearch.py:314: LineSearchWarning: The line search algorithm did not converge
  warn('The line search algorithm did not converge', LineSearchWarning)
/home/nlplab/anaconda3/lib/python3.6/site-packages/scipy/optimize/linesearch.py:466: LineSearchWarning: The line search algorithm did not converge
  warn('The line search algorithm did not converge', LineSearchWarning)
/home/nlplab/anaconda3/lib/python3.6/site-packages/scipy/optimize/linesearch.py:314: LineSearchWarning: The line search algorithm did not converge
  warn('The line search algorithm did not converge', LineSearchWarning)
/home/nlplab/anaconda3/lib/python3.6/site-packages/scipy/optimize/linesearch.py:466: LineSearchWarning: The line search algorithm did not converge
  warn('The line search algorithm did not converge', LineSearchWarning)
/home/nlplab/anaconda3/lib/python3.6/site-packages/scipy/optimize/linesearch.py:314: LineSearchWarning: The line search algorithm did not converge
  warn('The line search algorithm did not converge', LineSearchWarning)
/home/nlplab/anaconda3/lib/python3.6/site-packages/scipy/optimize/linesearch.py:466: LineSearchWarning: The line search algorithm did not converge
  warn('The line search algorithm did not converge', LineSearchWarning)
/home/nlplab/anaconda3/lib/python3.6/site-packages/scipy/optimize/linesearch.py:314: LineSearchWarning: The line search algorithm did not converge
  warn('The line search algorithm did not converge', LineSearchWarning)
/home/nlplab/anaconda3/lib/python3.6/site-packages/scipy/optimize/linesearch.py:426: LineSearchWarning: Rounding errors prevent the line search from converging
  warn(msg, LineSearchWarning)
/home/nlplab/anaconda3/lib/python3.6/site-packages/scipy/optimize/linesearch.py:314: LineSearchWarning: The line search algorithm did not converge
  warn('The line search algorithm did not converge', LineSearchWarning)
/home/nlplab/anaconda3/lib/python3.6/site-packages/sklearn/utils/optimize.py:195: UserWarning: Line Search failed
  warnings.warn('Line Search failed')
[CV] ...... max_iter=200, solver=newton-cg, score=0.886, total=   3.6s
[CV] max_iter=200, solver=newton-cg ..................................
/home/nlplab/anaconda3/lib/python3.6/site-packages/scipy/optimize/linesearch.py:466: LineSearchWarning: The line search algorithm did not converge
  warn('The line search algorithm did not converge', LineSearchWarning)
/home/nlplab/anaconda3/lib/python3.6/site-packages/scipy/optimize/linesearch.py:314: LineSearchWarning: The line search algorithm did not converge
  warn('The line search algorithm did not converge', LineSearchWarning)
/home/nlplab/anaconda3/lib/python3.6/site-packages/scipy/optimize/linesearch.py:466: LineSearchWarning: The line search algorithm did not converge
  warn('The line search algorithm did not converge', LineSearchWarning)
/home/nlplab/anaconda3/lib/python3.6/site-packages/scipy/optimize/linesearch.py:314: LineSearchWarning: The line search algorithm did not converge
  warn('The line search algorithm did not converge', LineSearchWarning)
/home/nlplab/anaconda3/lib/python3.6/site-packages/scipy/optimize/linesearch.py:466: LineSearchWarning: The line search algorithm did not converge
  warn('The line search algorithm did not converge', LineSearchWarning)
/home/nlplab/anaconda3/lib/python3.6/site-packages/scipy/optimize/linesearch.py:314: LineSearchWarning: The line search algorithm did not converge
  warn('The line search algorithm did not converge', LineSearchWarning)
/home/nlplab/anaconda3/lib/python3.6/site-packages/scipy/optimize/linesearch.py:466: LineSearchWarning: The line search algorithm did not converge
  warn('The line search algorithm did not converge', LineSearchWarning)
/home/nlplab/anaconda3/lib/python3.6/site-packages/scipy/optimize/linesearch.py:314: LineSearchWarning: The line search algorithm did not converge
  warn('The line search algorithm did not converge', LineSearchWarning)
/home/nlplab/anaconda3/lib/python3.6/site-packages/scipy/optimize/linesearch.py:466: LineSearchWarning: The line search algorithm did not converge
  warn('The line search algorithm did not converge', LineSearchWarning)
/home/nlplab/anaconda3/lib/python3.6/site-packages/scipy/optimize/linesearch.py:314: LineSearchWarning: The line search algorithm did not converge
  warn('The line search algorithm did not converge', LineSearchWarning)
/home/nlplab/anaconda3/lib/python3.6/site-packages/scipy/optimize/linesearch.py:466: LineSearchWarning: The line search algorithm did not converge
  warn('The line search algorithm did not converge', LineSearchWarning)
/home/nlplab/anaconda3/lib/python3.6/site-packages/scipy/optimize/linesearch.py:314: LineSearchWarning: The line search algorithm did not converge
  warn('The line search algorithm did not converge', LineSearchWarning)
/home/nlplab/anaconda3/lib/python3.6/site-packages/scipy/optimize/linesearch.py:466: LineSearchWarning: The line search algorithm did not converge
  warn('The line search algorithm did not converge', LineSearchWarning)
/home/nlplab/anaconda3/lib/python3.6/site-packages/scipy/optimize/linesearch.py:314: LineSearchWarning: The line search algorithm did not converge
  warn('The line search algorithm did not converge', LineSearchWarning)
/home/nlplab/anaconda3/lib/python3.6/site-packages/scipy/optimize/linesearch.py:426: LineSearchWarning: Rounding errors prevent the line search from converging
  warn(msg, LineSearchWarning)
/home/nlplab/anaconda3/lib/python3.6/site-packages/scipy/optimize/linesearch.py:314: LineSearchWarning: The line search algorithm did not converge
  warn('The line search algorithm did not converge', LineSearchWarning)
/home/nlplab/anaconda3/lib/python3.6/site-packages/sklearn/utils/optimize.py:195: UserWarning: Line Search failed
  warnings.warn('Line Search failed')
[CV] ...... max_iter=200, solver=newton-cg, score=0.896, total=   3.6s
[CV] max_iter=200, solver=newton-cg ..................................
/home/nlplab/anaconda3/lib/python3.6/site-packages/scipy/optimize/linesearch.py:314: LineSearchWarning: The line search algorithm did not converge
  warn('The line search algorithm did not converge', LineSearchWarning)
/home/nlplab/anaconda3/lib/python3.6/site-packages/sklearn/utils/optimize.py:195: UserWarning: Line Search failed
  warnings.warn('Line Search failed')
[CV] ...... max_iter=200, solver=newton-cg, score=0.902, total=   2.0s
[CV] max_iter=200, solver=newton-cg ..................................
/home/nlplab/anaconda3/lib/python3.6/site-packages/scipy/optimize/linesearch.py:466: LineSearchWarning: The line search algorithm did not converge
  warn('The line search algorithm did not converge', LineSearchWarning)
/home/nlplab/anaconda3/lib/python3.6/site-packages/scipy/optimize/linesearch.py:314: LineSearchWarning: The line search algorithm did not converge
  warn('The line search algorithm did not converge', LineSearchWarning)
/home/nlplab/anaconda3/lib/python3.6/site-packages/scipy/optimize/linesearch.py:466: LineSearchWarning: The line search algorithm did not converge
  warn('The line search algorithm did not converge', LineSearchWarning)
/home/nlplab/anaconda3/lib/python3.6/site-packages/scipy/optimize/linesearch.py:314: LineSearchWarning: The line search algorithm did not converge
  warn('The line search algorithm did not converge', LineSearchWarning)
/home/nlplab/anaconda3/lib/python3.6/site-packages/scipy/optimize/linesearch.py:466: LineSearchWarning: The line search algorithm did not converge
  warn('The line search algorithm did not converge', LineSearchWarning)
/home/nlplab/anaconda3/lib/python3.6/site-packages/scipy/optimize/linesearch.py:314: LineSearchWarning: The line search algorithm did not converge
  warn('The line search algorithm did not converge', LineSearchWarning)
/home/nlplab/anaconda3/lib/python3.6/site-packages/scipy/optimize/linesearch.py:466: LineSearchWarning: The line search algorithm did not converge
  warn('The line search algorithm did not converge', LineSearchWarning)
/home/nlplab/anaconda3/lib/python3.6/site-packages/scipy/optimize/linesearch.py:314: LineSearchWarning: The line search algorithm did not converge
  warn('The line search algorithm did not converge', LineSearchWarning)
/home/nlplab/anaconda3/lib/python3.6/site-packages/scipy/optimize/linesearch.py:466: LineSearchWarning: The line search algorithm did not converge
  warn('The line search algorithm did not converge', LineSearchWarning)
/home/nlplab/anaconda3/lib/python3.6/site-packages/scipy/optimize/linesearch.py:314: LineSearchWarning: The line search algorithm did not converge
  warn('The line search algorithm did not converge', LineSearchWarning)
/home/nlplab/anaconda3/lib/python3.6/site-packages/scipy/optimize/linesearch.py:466: LineSearchWarning: The line search algorithm did not converge
  warn('The line search algorithm did not converge', LineSearchWarning)
/home/nlplab/anaconda3/lib/python3.6/site-packages/scipy/optimize/linesearch.py:314: LineSearchWarning: The line search algorithm did not converge
  warn('The line search algorithm did not converge', LineSearchWarning)
/home/nlplab/anaconda3/lib/python3.6/site-packages/scipy/optimize/linesearch.py:466: LineSearchWarning: The line search algorithm did not converge
  warn('The line search algorithm did not converge', LineSearchWarning)
/home/nlplab/anaconda3/lib/python3.6/site-packages/scipy/optimize/linesearch.py:314: LineSearchWarning: The line search algorithm did not converge
  warn('The line search algorithm did not converge', LineSearchWarning)
/home/nlplab/anaconda3/lib/python3.6/site-packages/scipy/optimize/linesearch.py:466: LineSearchWarning: The line search algorithm did not converge
  warn('The line search algorithm did not converge', LineSearchWarning)
/home/nlplab/anaconda3/lib/python3.6/site-packages/scipy/optimize/linesearch.py:314: LineSearchWarning: The line search algorithm did not converge
  warn('The line search algorithm did not converge', LineSearchWarning)
/home/nlplab/anaconda3/lib/python3.6/site-packages/scipy/optimize/linesearch.py:314: LineSearchWarning: The line search algorithm did not converge
  warn('The line search algorithm did not converge', LineSearchWarning)
/home/nlplab/anaconda3/lib/python3.6/site-packages/sklearn/utils/optimize.py:195: UserWarning: Line Search failed
  warnings.warn('Line Search failed')
[CV] ...... max_iter=200, solver=newton-cg, score=0.889, total=   4.3s
[CV] max_iter=200, solver=newton-cg ..................................
/home/nlplab/anaconda3/lib/python3.6/site-packages/scipy/optimize/linesearch.py:466: LineSearchWarning: The line search algorithm did not converge
  warn('The line search algorithm did not converge', LineSearchWarning)
/home/nlplab/anaconda3/lib/python3.6/site-packages/scipy/optimize/linesearch.py:314: LineSearchWarning: The line search algorithm did not converge
  warn('The line search algorithm did not converge', LineSearchWarning)
/home/nlplab/anaconda3/lib/python3.6/site-packages/scipy/optimize/linesearch.py:466: LineSearchWarning: The line search algorithm did not converge
  warn('The line search algorithm did not converge', LineSearchWarning)
/home/nlplab/anaconda3/lib/python3.6/site-packages/scipy/optimize/linesearch.py:314: LineSearchWarning: The line search algorithm did not converge
  warn('The line search algorithm did not converge', LineSearchWarning)
/home/nlplab/anaconda3/lib/python3.6/site-packages/scipy/optimize/linesearch.py:466: LineSearchWarning: The line search algorithm did not converge
  warn('The line search algorithm did not converge', LineSearchWarning)
/home/nlplab/anaconda3/lib/python3.6/site-packages/scipy/optimize/linesearch.py:314: LineSearchWarning: The line search algorithm did not converge
  warn('The line search algorithm did not converge', LineSearchWarning)
/home/nlplab/anaconda3/lib/python3.6/site-packages/scipy/optimize/linesearch.py:466: LineSearchWarning: The line search algorithm did not converge
  warn('The line search algorithm did not converge', LineSearchWarning)
/home/nlplab/anaconda3/lib/python3.6/site-packages/scipy/optimize/linesearch.py:314: LineSearchWarning: The line search algorithm did not converge
  warn('The line search algorithm did not converge', LineSearchWarning)
/home/nlplab/anaconda3/lib/python3.6/site-packages/scipy/optimize/linesearch.py:466: LineSearchWarning: The line search algorithm did not converge
  warn('The line search algorithm did not converge', LineSearchWarning)
/home/nlplab/anaconda3/lib/python3.6/site-packages/scipy/optimize/linesearch.py:314: LineSearchWarning: The line search algorithm did not converge
  warn('The line search algorithm did not converge', LineSearchWarning)
/home/nlplab/anaconda3/lib/python3.6/site-packages/scipy/optimize/linesearch.py:426: LineSearchWarning: Rounding errors prevent the line search from converging
  warn(msg, LineSearchWarning)
/home/nlplab/anaconda3/lib/python3.6/site-packages/scipy/optimize/linesearch.py:314: LineSearchWarning: The line search algorithm did not converge
  warn('The line search algorithm did not converge', LineSearchWarning)
/home/nlplab/anaconda3/lib/python3.6/site-packages/sklearn/utils/optimize.py:195: UserWarning: Line Search failed
  warnings.warn('Line Search failed')
[CV] ...... max_iter=200, solver=newton-cg, score=0.906, total=   3.1s
[CV] max_iter=200, solver=newton-cg ..................................
/home/nlplab/anaconda3/lib/python3.6/site-packages/scipy/optimize/linesearch.py:466: LineSearchWarning: The line search algorithm did not converge
  warn('The line search algorithm did not converge', LineSearchWarning)
/home/nlplab/anaconda3/lib/python3.6/site-packages/scipy/optimize/linesearch.py:314: LineSearchWarning: The line search algorithm did not converge
  warn('The line search algorithm did not converge', LineSearchWarning)
/home/nlplab/anaconda3/lib/python3.6/site-packages/scipy/optimize/linesearch.py:466: LineSearchWarning: The line search algorithm did not converge
  warn('The line search algorithm did not converge', LineSearchWarning)
/home/nlplab/anaconda3/lib/python3.6/site-packages/scipy/optimize/linesearch.py:314: LineSearchWarning: The line search algorithm did not converge
  warn('The line search algorithm did not converge', LineSearchWarning)
/home/nlplab/anaconda3/lib/python3.6/site-packages/scipy/optimize/linesearch.py:466: LineSearchWarning: The line search algorithm did not converge
  warn('The line search algorithm did not converge', LineSearchWarning)
/home/nlplab/anaconda3/lib/python3.6/site-packages/scipy/optimize/linesearch.py:314: LineSearchWarning: The line search algorithm did not converge
  warn('The line search algorithm did not converge', LineSearchWarning)
/home/nlplab/anaconda3/lib/python3.6/site-packages/scipy/optimize/linesearch.py:466: LineSearchWarning: The line search algorithm did not converge
  warn('The line search algorithm did not converge', LineSearchWarning)
/home/nlplab/anaconda3/lib/python3.6/site-packages/scipy/optimize/linesearch.py:314: LineSearchWarning: The line search algorithm did not converge
  warn('The line search algorithm did not converge', LineSearchWarning)
/home/nlplab/anaconda3/lib/python3.6/site-packages/scipy/optimize/linesearch.py:466: LineSearchWarning: The line search algorithm did not converge
  warn('The line search algorithm did not converge', LineSearchWarning)
/home/nlplab/anaconda3/lib/python3.6/site-packages/scipy/optimize/linesearch.py:314: LineSearchWarning: The line search algorithm did not converge
  warn('The line search algorithm did not converge', LineSearchWarning)
/home/nlplab/anaconda3/lib/python3.6/site-packages/scipy/optimize/linesearch.py:466: LineSearchWarning: The line search algorithm did not converge
  warn('The line search algorithm did not converge', LineSearchWarning)
/home/nlplab/anaconda3/lib/python3.6/site-packages/scipy/optimize/linesearch.py:314: LineSearchWarning: The line search algorithm did not converge
  warn('The line search algorithm did not converge', LineSearchWarning)
/home/nlplab/anaconda3/lib/python3.6/site-packages/scipy/optimize/linesearch.py:466: LineSearchWarning: The line search algorithm did not converge
  warn('The line search algorithm did not converge', LineSearchWarning)
/home/nlplab/anaconda3/lib/python3.6/site-packages/scipy/optimize/linesearch.py:314: LineSearchWarning: The line search algorithm did not converge
  warn('The line search algorithm did not converge', LineSearchWarning)
/home/nlplab/anaconda3/lib/python3.6/site-packages/scipy/optimize/linesearch.py:466: LineSearchWarning: The line search algorithm did not converge
  warn('The line search algorithm did not converge', LineSearchWarning)
/home/nlplab/anaconda3/lib/python3.6/site-packages/scipy/optimize/linesearch.py:314: LineSearchWarning: The line search algorithm did not converge
  warn('The line search algorithm did not converge', LineSearchWarning)
/home/nlplab/anaconda3/lib/python3.6/site-packages/scipy/optimize/linesearch.py:466: LineSearchWarning: The line search algorithm did not converge
  warn('The line search algorithm did not converge', LineSearchWarning)
/home/nlplab/anaconda3/lib/python3.6/site-packages/scipy/optimize/linesearch.py:314: LineSearchWarning: The line search algorithm did not converge
  warn('The line search algorithm did not converge', LineSearchWarning)
/home/nlplab/anaconda3/lib/python3.6/site-packages/scipy/optimize/linesearch.py:466: LineSearchWarning: The line search algorithm did not converge
  warn('The line search algorithm did not converge', LineSearchWarning)
/home/nlplab/anaconda3/lib/python3.6/site-packages/scipy/optimize/linesearch.py:314: LineSearchWarning: The line search algorithm did not converge
  warn('The line search algorithm did not converge', LineSearchWarning)
/home/nlplab/anaconda3/lib/python3.6/site-packages/scipy/optimize/linesearch.py:426: LineSearchWarning: Rounding errors prevent the line search from converging
  warn(msg, LineSearchWarning)
/home/nlplab/anaconda3/lib/python3.6/site-packages/scipy/optimize/linesearch.py:314: LineSearchWarning: The line search algorithm did not converge
  warn('The line search algorithm did not converge', LineSearchWarning)
/home/nlplab/anaconda3/lib/python3.6/site-packages/sklearn/utils/optimize.py:195: UserWarning: Line Search failed
  warnings.warn('Line Search failed')
[CV] ...... max_iter=200, solver=newton-cg, score=0.729, total=   4.0s
[CV] max_iter=200, solver=newton-cg ..................................
/home/nlplab/anaconda3/lib/python3.6/site-packages/scipy/optimize/linesearch.py:466: LineSearchWarning: The line search algorithm did not converge
  warn('The line search algorithm did not converge', LineSearchWarning)
/home/nlplab/anaconda3/lib/python3.6/site-packages/scipy/optimize/linesearch.py:314: LineSearchWarning: The line search algorithm did not converge
  warn('The line search algorithm did not converge', LineSearchWarning)
/home/nlplab/anaconda3/lib/python3.6/site-packages/scipy/optimize/linesearch.py:466: LineSearchWarning: The line search algorithm did not converge
  warn('The line search algorithm did not converge', LineSearchWarning)
/home/nlplab/anaconda3/lib/python3.6/site-packages/scipy/optimize/linesearch.py:314: LineSearchWarning: The line search algorithm did not converge
  warn('The line search algorithm did not converge', LineSearchWarning)
/home/nlplab/anaconda3/lib/python3.6/site-packages/scipy/optimize/linesearch.py:466: LineSearchWarning: The line search algorithm did not converge
  warn('The line search algorithm did not converge', LineSearchWarning)
/home/nlplab/anaconda3/lib/python3.6/site-packages/scipy/optimize/linesearch.py:314: LineSearchWarning: The line search algorithm did not converge
  warn('The line search algorithm did not converge', LineSearchWarning)
/home/nlplab/anaconda3/lib/python3.6/site-packages/scipy/optimize/linesearch.py:466: LineSearchWarning: The line search algorithm did not converge
  warn('The line search algorithm did not converge', LineSearchWarning)
/home/nlplab/anaconda3/lib/python3.6/site-packages/scipy/optimize/linesearch.py:314: LineSearchWarning: The line search algorithm did not converge
  warn('The line search algorithm did not converge', LineSearchWarning)
/home/nlplab/anaconda3/lib/python3.6/site-packages/scipy/optimize/linesearch.py:426: LineSearchWarning: Rounding errors prevent the line search from converging
  warn(msg, LineSearchWarning)
/home/nlplab/anaconda3/lib/python3.6/site-packages/scipy/optimize/linesearch.py:314: LineSearchWarning: The line search algorithm did not converge
  warn('The line search algorithm did not converge', LineSearchWarning)
/home/nlplab/anaconda3/lib/python3.6/site-packages/sklearn/utils/optimize.py:195: UserWarning: Line Search failed
  warnings.warn('Line Search failed')
[CV] ...... max_iter=200, solver=newton-cg, score=0.918, total=   2.8s
[CV] max_iter=200, solver=newton-cg ..................................
/home/nlplab/anaconda3/lib/python3.6/site-packages/scipy/optimize/linesearch.py:466: LineSearchWarning: The line search algorithm did not converge
  warn('The line search algorithm did not converge', LineSearchWarning)
/home/nlplab/anaconda3/lib/python3.6/site-packages/scipy/optimize/linesearch.py:314: LineSearchWarning: The line search algorithm did not converge
  warn('The line search algorithm did not converge', LineSearchWarning)
/home/nlplab/anaconda3/lib/python3.6/site-packages/scipy/optimize/linesearch.py:466: LineSearchWarning: The line search algorithm did not converge
  warn('The line search algorithm did not converge', LineSearchWarning)
/home/nlplab/anaconda3/lib/python3.6/site-packages/scipy/optimize/linesearch.py:314: LineSearchWarning: The line search algorithm did not converge
  warn('The line search algorithm did not converge', LineSearchWarning)
/home/nlplab/anaconda3/lib/python3.6/site-packages/scipy/optimize/linesearch.py:466: LineSearchWarning: The line search algorithm did not converge
  warn('The line search algorithm did not converge', LineSearchWarning)
/home/nlplab/anaconda3/lib/python3.6/site-packages/scipy/optimize/linesearch.py:314: LineSearchWarning: The line search algorithm did not converge
  warn('The line search algorithm did not converge', LineSearchWarning)
/home/nlplab/anaconda3/lib/python3.6/site-packages/scipy/optimize/linesearch.py:466: LineSearchWarning: The line search algorithm did not converge
  warn('The line search algorithm did not converge', LineSearchWarning)
/home/nlplab/anaconda3/lib/python3.6/site-packages/scipy/optimize/linesearch.py:314: LineSearchWarning: The line search algorithm did not converge
  warn('The line search algorithm did not converge', LineSearchWarning)
/home/nlplab/anaconda3/lib/python3.6/site-packages/scipy/optimize/linesearch.py:314: LineSearchWarning: The line search algorithm did not converge
  warn('The line search algorithm did not converge', LineSearchWarning)
/home/nlplab/anaconda3/lib/python3.6/site-packages/sklearn/utils/optimize.py:195: UserWarning: Line Search failed
  warnings.warn('Line Search failed')
[CV] ...... max_iter=200, solver=newton-cg, score=0.388, total=   3.6s
[CV] max_iter=200, solver=lbfgs ......................................
[CV] .......... max_iter=200, solver=lbfgs, score=0.905, total=   0.6s
[CV] max_iter=200, solver=lbfgs ......................................
[CV] .......... max_iter=200, solver=lbfgs, score=0.901, total=   0.7s
[CV] max_iter=200, solver=lbfgs ......................................
[CV] .......... max_iter=200, solver=lbfgs, score=0.898, total=   0.6s
[CV] max_iter=200, solver=lbfgs ......................................
[CV] .......... max_iter=200, solver=lbfgs, score=0.902, total=   0.7s
[CV] max_iter=200, solver=lbfgs ......................................
[CV] .......... max_iter=200, solver=lbfgs, score=0.911, total=   0.6s
[CV] max_iter=200, solver=lbfgs ......................................
[CV] .......... max_iter=200, solver=lbfgs, score=0.898, total=   0.6s
[CV] max_iter=200, solver=lbfgs ......................................
[CV] .......... max_iter=200, solver=lbfgs, score=0.911, total=   0.6s
[CV] max_iter=200, solver=lbfgs ......................................
[CV] .......... max_iter=200, solver=lbfgs, score=0.778, total=   0.6s
[CV] max_iter=200, solver=lbfgs ......................................
[CV] .......... max_iter=200, solver=lbfgs, score=0.919, total=   0.7s
[CV] max_iter=200, solver=lbfgs ......................................
[CV] .......... max_iter=200, solver=lbfgs, score=0.470, total=   0.7s
[CV] max_iter=200, solver=liblinear ..................................
[CV] ...... max_iter=200, solver=liblinear, score=0.902, total=   0.4s
[CV] max_iter=200, solver=liblinear ..................................
[CV] ...... max_iter=200, solver=liblinear, score=0.898, total=   0.3s
[CV] max_iter=200, solver=liblinear ..................................
[CV] ...... max_iter=200, solver=liblinear, score=0.897, total=   0.3s
[CV] max_iter=200, solver=liblinear ..................................
[CV] ...... max_iter=200, solver=liblinear, score=0.899, total=   0.3s
[CV] max_iter=200, solver=liblinear ..................................
[CV] ...... max_iter=200, solver=liblinear, score=0.912, total=   0.3s
[CV] max_iter=200, solver=liblinear ..................................
[CV] ...... max_iter=200, solver=liblinear, score=0.901, total=   0.3s
[CV] max_iter=200, solver=liblinear ..................................
[CV] ...... max_iter=200, solver=liblinear, score=0.913, total=   0.3s
[CV] max_iter=200, solver=liblinear ..................................
[CV] ...... max_iter=200, solver=liblinear, score=0.794, total=   0.3s
[CV] max_iter=200, solver=liblinear ..................................
[CV] ...... max_iter=200, solver=liblinear, score=0.917, total=   0.2s
[CV] max_iter=200, solver=liblinear ..................................
[CV] ...... max_iter=200, solver=liblinear, score=0.394, total=   0.6s
[CV] max_iter=200, solver=sag ........................................
[CV] ............ max_iter=200, solver=sag, score=0.910, total=   2.2s
[CV] max_iter=200, solver=sag ........................................
[CV] ............ max_iter=200, solver=sag, score=0.908, total=   2.0s
[CV] max_iter=200, solver=sag ........................................
[CV] ............ max_iter=200, solver=sag, score=0.902, total=   2.2s
[CV] max_iter=200, solver=sag ........................................
[CV] ............ max_iter=200, solver=sag, score=0.894, total=   2.2s
[CV] max_iter=200, solver=sag ........................................
[CV] ............ max_iter=200, solver=sag, score=0.907, total=   2.1s
[CV] max_iter=200, solver=sag ........................................
[CV] ............ max_iter=200, solver=sag, score=0.895, total=   2.1s
[CV] max_iter=200, solver=sag ........................................
[CV] ............ max_iter=200, solver=sag, score=0.898, total=   2.2s
[CV] max_iter=200, solver=sag ........................................
[CV] ............ max_iter=200, solver=sag, score=0.883, total=   2.2s
[CV] max_iter=200, solver=sag ........................................
[CV] ............ max_iter=200, solver=sag, score=0.918, total=   2.1s
[CV] max_iter=200, solver=sag ........................................
[CV] ............ max_iter=200, solver=sag, score=0.839, total=   2.2s
[CV] max_iter=200, solver=saga .......................................
[CV] ........... max_iter=200, solver=saga, score=0.913, total=   2.5s
[CV] max_iter=200, solver=saga .......................................
[CV] ........... max_iter=200, solver=saga, score=0.910, total=   2.4s
[CV] max_iter=200, solver=saga .......................................
[CV] ........... max_iter=200, solver=saga, score=0.903, total=   2.0s
[CV] max_iter=200, solver=saga .......................................
[CV] ........... max_iter=200, solver=saga, score=0.894, total=   2.0s
[CV] max_iter=200, solver=saga .......................................
[CV] ........... max_iter=200, solver=saga, score=0.906, total=   2.1s
[CV] max_iter=200, solver=saga .......................................
[CV] ........... max_iter=200, solver=saga, score=0.895, total=   2.4s
[CV] max_iter=200, solver=saga .......................................
[CV] ........... max_iter=200, solver=saga, score=0.898, total=   2.4s
[CV] max_iter=200, solver=saga .......................................
[CV] ........... max_iter=200, solver=saga, score=0.890, total=   2.3s
[CV] max_iter=200, solver=saga .......................................
[CV] ........... max_iter=200, solver=saga, score=0.917, total=   2.3s
[CV] max_iter=200, solver=saga .......................................
[CV] ........... max_iter=200, solver=saga, score=0.842, total=   2.4s
[Parallel(n_jobs=1)]: Done 150 out of 150 | elapsed:  2.8min finished
Parameter: {'max_iter': 50, 'solver': 'saga'}
Score: 0.898368456832087
Time: 166.14428997039795 sec
